TN:
SF:/home/kali/IE0417_optativa/laboratorio-testing/build/_deps/googletest-src/googletest/include/gtest/gtest-assertion-result.h
FNL:0,155,161
FNA:0,53,_ZN7testing15AssertionResultC2IbEERKT_PNSt9enable_ifIXntsrSt14is_convertibleIS2_S0_E5valueEvE4typeE
FNL:1,174,174
FNA:1,53,_ZNK7testing15AssertionResultcvbEv
FNL:2,183,185
FNA:2,0,_ZNK7testing15AssertionResult7messageEv
FNL:3,187,187
FNA:3,0,_ZNK7testing15AssertionResult15failure_messageEv
FNL:4,191,194
FNA:4,0,_ZN7testing15AssertionResultlsIA100_cEERS0_RKT_
FNA:4,0,_ZN7testing15AssertionResultlsIA106_cEERS0_RKT_
FNA:4,0,_ZN7testing15AssertionResultlsIA11_cEERS0_RKT_
FNA:4,0,_ZN7testing15AssertionResultlsIA12_cEERS0_RKT_
FNA:4,0,_ZN7testing15AssertionResultlsIA13_cEERS0_RKT_
FNA:4,0,_ZN7testing15AssertionResultlsIA14_cEERS0_RKT_
FNA:4,0,_ZN7testing15AssertionResultlsIA15_cEERS0_RKT_
FNA:4,0,_ZN7testing15AssertionResultlsIA16_cEERS0_RKT_
FNA:4,0,_ZN7testing15AssertionResultlsIA17_cEERS0_RKT_
FNA:4,0,_ZN7testing15AssertionResultlsIA24_cEERS0_RKT_
FNA:4,0,_ZN7testing15AssertionResultlsIA27_cEERS0_RKT_
FNA:4,0,_ZN7testing15AssertionResultlsIA29_cEERS0_RKT_
FNA:4,0,_ZN7testing15AssertionResultlsIA2_cEERS0_RKT_
FNA:4,0,_ZN7testing15AssertionResultlsIA3_cEERS0_RKT_
FNA:4,0,_ZN7testing15AssertionResultlsIA5_cEERS0_RKT_
FNA:4,0,_ZN7testing15AssertionResultlsIA6_cEERS0_RKT_
FNA:4,0,_ZN7testing15AssertionResultlsIA7_cEERS0_RKT_
FNA:4,0,_ZN7testing15AssertionResultlsIA9_cEERS0_RKT_
FNA:4,0,_ZN7testing15AssertionResultlsINS_14TestPartResultEEERS0_RKT_
FNA:4,0,_ZN7testing15AssertionResultlsINS_7MessageEEERS0_RKT_
FNA:4,0,_ZN7testing15AssertionResultlsINSt7__cxx1112basic_stringIcSt11char_traitsIcESaIcEEEEERS0_RKT_
FNA:4,0,_ZN7testing15AssertionResultlsINSt7__cxx1112basic_stringIwSt11char_traitsIwESaIwEEEEERS0_RKT_
FNA:4,0,_ZN7testing15AssertionResultlsIPKcEERS0_RKT_
FNA:4,0,_ZN7testing15AssertionResultlsIPKwEERS0_RKT_
FNA:4,0,_ZN7testing15AssertionResultlsIdEERS0_RKT_
FNL:5,206,209
FNA:5,0,_ZN7testing15AssertionResult13AppendMessageERKNS_7MessageE
FNF:6
FNH:2
DA:155,53
DA:161,53
DA:174,53
DA:183,0
DA:184,0
DA:187,0
DA:191,0
DA:192,0
DA:193,0
DA:206,0
DA:207,0
DA:208,0
DA:209,0
LF:13
LH:3
end_of_record
TN:
SF:/home/kali/IE0417_optativa/laboratorio-testing/build/_deps/googletest-src/googletest/include/gtest/gtest-matchers.h
FNL:0,109,109
FNA:0,0,_ZN7testing19MatchResultListenerD0Ev
FNA:0,0,_ZN7testing19MatchResultListenerD2Ev
FNL:1,115,115
FNA:1,0,_ZN7testing25MatcherDescriberInterfaceD0Ev
FNA:1,0,_ZN7testing25MatcherDescriberInterfaceD2Ev
FNL:2,130,134
FNA:2,0,_ZNK7testing25MatcherDescriberInterface18DescribeNegationToEPSo
FNL:3,183,185
FNA:3,0,_ZNK7testing8internal5AnyEqclINSt7__cxx1112basic_stringIcSt11char_traitsIcESaIcEEES8_EEbRKT_RKT0_
FNA:3,0,_ZNK7testing8internal5AnyEqclISt17basic_string_viewIcSt11char_traitsIcEENSt7__cxx1112basic_stringIcS5_SaIcEEEEEbRKT_RKT0_
FNL:4,221,221
FNA:4,0,_ZN7testing8internal24DummyMatchResultListenerC2Ev
FNL:5,245,245
FNA:5,0,_ZN7testing8internal17SharedPayloadBase5UnrefEv
FNL:6,251,251
FNA:6,0,_ZN7testing8internal13SharedPayloadINS0_9EqMatcherINSt7__cxx1112basic_stringIcSt11char_traitsIcESaIcEEEEEEC2EOS9_
FNL:7,253,255
FNA:7,0,_ZN7testing8internal13SharedPayloadINS0_9EqMatcherINSt7__cxx1112basic_stringIcSt11char_traitsIcESaIcEEEEEE7DestroyEPNS0_17SharedPayloadBaseE
FNL:8,268,271
FNA:8,0,_ZNK7testing8internal11MatcherBaseIRKNSt7__cxx1112basic_stringIcSt11char_traitsIcESaIcEEEE15MatchAndExplainES9_PNS_19MatchResultListenerE
FNL:9,274,277
FNA:9,0,_ZNK7testing8internal11MatcherBaseIRKNSt7__cxx1112basic_stringIcSt11char_traitsIcESaIcEEEE7MatchesES9_
FNL:10,280,283
FNA:10,0,_ZNK7testing8internal11MatcherBaseINSt7__cxx1112basic_stringIcSt11char_traitsIcESaIcEEEE10DescribeToEPSo
FNA:10,0,_ZNK7testing8internal11MatcherBaseIRKNSt7__cxx1112basic_stringIcSt11char_traitsIcESaIcEEEE10DescribeToEPSo
FNA:10,0,_ZNK7testing8internal11MatcherBaseIRKSt17basic_string_viewIcSt11char_traitsIcEEE10DescribeToEPSo
FNA:10,0,_ZNK7testing8internal11MatcherBaseISt17basic_string_viewIcSt11char_traitsIcEEE10DescribeToEPSo
FNL:11,286,289
FNA:11,0,_ZNK7testing8internal11MatcherBaseINSt7__cxx1112basic_stringIcSt11char_traitsIcESaIcEEEE18DescribeNegationToEPSo
FNA:11,0,_ZNK7testing8internal11MatcherBaseIRKNSt7__cxx1112basic_stringIcSt11char_traitsIcESaIcEEEE18DescribeNegationToEPSo
FNA:11,0,_ZNK7testing8internal11MatcherBaseIRKSt17basic_string_viewIcSt11char_traitsIcEEE18DescribeNegationToEPSo
FNA:11,0,_ZNK7testing8internal11MatcherBaseISt17basic_string_viewIcSt11char_traitsIcEEE18DescribeNegationToEPSo
FNL:12,306,306
FNA:12,0,_ZN7testing8internal11MatcherBaseINSt7__cxx1112basic_stringIcSt11char_traitsIcESaIcEEEEC2Ev
FNA:12,0,_ZN7testing8internal11MatcherBaseIRKNSt7__cxx1112basic_stringIcSt11char_traitsIcESaIcEEEEC2Ev
FNA:12,0,_ZN7testing8internal11MatcherBaseIRKSt17basic_string_viewIcSt11char_traitsIcEEEC2Ev
FNA:12,0,_ZN7testing8internal11MatcherBaseISt17basic_string_viewIcSt11char_traitsIcEEEC2Ev
FNL:13,317,319
FNA:13,0,_ZN7testing8internal11MatcherBaseINSt7__cxx1112basic_stringIcSt11char_traitsIcESaIcEEEEC2INS0_9EqMatcherIS7_EEvEEOT_
FNA:13,0,_ZN7testing8internal11MatcherBaseIRKNSt7__cxx1112basic_stringIcSt11char_traitsIcESaIcEEEEC2INS0_9EqMatcherIS7_EEvEEOT_
FNA:13,0,_ZN7testing8internal11MatcherBaseIRKSt17basic_string_viewIcSt11char_traitsIcEEEC2INS0_9EqMatcherINSt7__cxx1112basic_stringIcS4_SaIcEEEEEvEEOT_
FNA:13,0,_ZN7testing8internal11MatcherBaseISt17basic_string_viewIcSt11char_traitsIcEEEC2INS0_9EqMatcherINSt7__cxx1112basic_stringIcS4_SaIcEEEEEvEEOT_
FNL:14,335,338
FNA:14,0,_ZN7testing8internal11MatcherBaseIRKNSt7__cxx1112basic_stringIcSt11char_traitsIcESaIcEEEEC2EOSA_
FNL:15,340,347
FNA:15,0,_ZN7testing8internal11MatcherBaseINSt7__cxx1112basic_stringIcSt11char_traitsIcESaIcEEEEaSEOS8_
FNA:15,0,_ZN7testing8internal11MatcherBaseIRKNSt7__cxx1112basic_stringIcSt11char_traitsIcESaIcEEEEaSEOSA_
FNA:15,0,_ZN7testing8internal11MatcherBaseIRKSt17basic_string_viewIcSt11char_traitsIcEEEaSEOS8_
FNA:15,0,_ZN7testing8internal11MatcherBaseISt17basic_string_viewIcSt11char_traitsIcEEEaSEOS6_
FNL:16,349,349
FNA:16,0,_ZN7testing8internal11MatcherBaseINSt7__cxx1112basic_stringIcSt11char_traitsIcESaIcEEEED0Ev
FNA:16,0,_ZN7testing8internal11MatcherBaseINSt7__cxx1112basic_stringIcSt11char_traitsIcESaIcEEEED2Ev
FNA:16,0,_ZN7testing8internal11MatcherBaseIRKNSt7__cxx1112basic_stringIcSt11char_traitsIcESaIcEEEED0Ev
FNA:16,0,_ZN7testing8internal11MatcherBaseIRKNSt7__cxx1112basic_stringIcSt11char_traitsIcESaIcEEEED2Ev
FNA:16,0,_ZN7testing8internal11MatcherBaseIRKSt17basic_string_viewIcSt11char_traitsIcEEED0Ev
FNA:16,0,_ZN7testing8internal11MatcherBaseIRKSt17basic_string_viewIcSt11char_traitsIcEEED2Ev
FNA:16,0,_ZN7testing8internal11MatcherBaseISt17basic_string_viewIcSt11char_traitsIcEEED0Ev
FNA:16,0,_ZN7testing8internal11MatcherBaseISt17basic_string_viewIcSt11char_traitsIcEEED2Ev
FNL:17,363,365
FNA:17,0,_ZNK7testing8internal11MatcherBaseINSt7__cxx1112basic_stringIcSt11char_traitsIcESaIcEEEE8IsSharedEv
FNA:17,0,_ZNK7testing8internal11MatcherBaseIRKNSt7__cxx1112basic_stringIcSt11char_traitsIcESaIcEEEE8IsSharedEv
FNA:17,0,_ZNK7testing8internal11MatcherBaseIRKSt17basic_string_viewIcSt11char_traitsIcEEE8IsSharedEv
FNA:17,0,_ZNK7testing8internal11MatcherBaseISt17basic_string_viewIcSt11char_traitsIcEEE8IsSharedEv
FNL:18,369,373
FNA:18,0,_ZN7testing8internal11MatcherBaseINSt7__cxx1112basic_stringIcSt11char_traitsIcESaIcEEEE19MatchAndExplainImplINS8_11ValuePolicyINS0_9EqMatcherIS7_EELb0EEEEEDTcldtclsrT_3Getfp_E15MatchAndExplainfp0_clptfp1_L_ZNS_19MatchResultListener6streamEvEEEERKS8_RKS7_PSF_
FNA:18,0,_ZN7testing8internal11MatcherBaseIRKNSt7__cxx1112basic_stringIcSt11char_traitsIcESaIcEEEE19MatchAndExplainImplINSA_11ValuePolicyINS0_9EqMatcherIS7_EELb0EEEEEDTcldtclsrT_3Getfp_E15MatchAndExplainfp0_clptfp1_L_ZNS_19MatchResultListener6streamEvEEEERKSA_S9_PSH_
FNA:18,0,_ZN7testing8internal11MatcherBaseIRKSt17basic_string_viewIcSt11char_traitsIcEEE19MatchAndExplainImplINS8_11ValuePolicyINS0_9EqMatcherINSt7__cxx1112basic_stringIcS4_SaIcEEEEELb0EEEEEDTcldtclsrT_3Getfp_E15MatchAndExplainfp0_clptfp1_L_ZNS_19MatchResultListener6streamEvEEEERKS8_S7_PSJ_
FNA:18,0,_ZN7testing8internal11MatcherBaseISt17basic_string_viewIcSt11char_traitsIcEEE19MatchAndExplainImplINS6_11ValuePolicyINS0_9EqMatcherINSt7__cxx1112basic_stringIcS4_SaIcEEEEELb0EEEEEDTcldtclsrT_3Getfp_E15MatchAndExplainfp0_clptfp1_L_ZNS_19MatchResultListener6streamEvEEEERKS6_RKS5_PSH_
FNL:19,383,390
FNA:19,0,_ZN7testing8internal11MatcherBaseINSt7__cxx1112basic_stringIcSt11char_traitsIcESaIcEEEE12DescribeImplINS8_11ValuePolicyINS0_9EqMatcherIS7_EELb0EEEEEvRKS8_PSob
FNA:19,0,_ZN7testing8internal11MatcherBaseIRKNSt7__cxx1112basic_stringIcSt11char_traitsIcESaIcEEEE12DescribeImplINSA_11ValuePolicyINS0_9EqMatcherIS7_EELb0EEEEEvRKSA_PSob
FNA:19,0,_ZN7testing8internal11MatcherBaseIRKSt17basic_string_viewIcSt11char_traitsIcEEE12DescribeImplINS8_11ValuePolicyINS0_9EqMatcherINSt7__cxx1112basic_stringIcS4_SaIcEEEEELb0EEEEEvRKS8_PSob
FNA:19,0,_ZN7testing8internal11MatcherBaseISt17basic_string_viewIcSt11char_traitsIcEEE12DescribeImplINS6_11ValuePolicyINS0_9EqMatcherINSt7__cxx1112basic_stringIcS4_SaIcEEEEELb0EEEEEvRKS6_PSob
FNL:20,393,406
FNA:20,0,_ZN7testing8internal11MatcherBaseINSt7__cxx1112basic_stringIcSt11char_traitsIcESaIcEEEE16GetDescriberImplINS8_11ValuePolicyINS0_9EqMatcherIS7_EELb0EEEEEPKNS_25MatcherDescriberInterfaceERKS8_
FNA:20,0,_ZN7testing8internal11MatcherBaseIRKNSt7__cxx1112basic_stringIcSt11char_traitsIcESaIcEEEE16GetDescriberImplINSA_11ValuePolicyINS0_9EqMatcherIS7_EELb0EEEEEPKNS_25MatcherDescriberInterfaceERKSA_
FNA:20,0,_ZN7testing8internal11MatcherBaseIRKSt17basic_string_viewIcSt11char_traitsIcEEE16GetDescriberImplINS8_11ValuePolicyINS0_9EqMatcherINSt7__cxx1112basic_stringIcS4_SaIcEEEEELb0EEEEEPKNS_25MatcherDescriberInterfaceERKS8_
FNA:20,0,_ZN7testing8internal11MatcherBaseISt17basic_string_viewIcSt11char_traitsIcEEE16GetDescriberImplINS6_11ValuePolicyINS0_9EqMatcherINSt7__cxx1112basic_stringIcS4_SaIcEEEEELb0EEEEEPKNS_25MatcherDescriberInterfaceERKS6_
FNL:21,409,414
FNA:21,0,_ZN7testing8internal11MatcherBaseINSt7__cxx1112basic_stringIcSt11char_traitsIcESaIcEEEE9GetVTableINS8_11ValuePolicyINS0_9EqMatcherIS7_EELb0EEEEEPKNS8_6VTableEv
FNA:21,0,_ZN7testing8internal11MatcherBaseIRKNSt7__cxx1112basic_stringIcSt11char_traitsIcESaIcEEEE9GetVTableINSA_11ValuePolicyINS0_9EqMatcherIS7_EELb0EEEEEPKNSA_6VTableEv
FNA:21,0,_ZN7testing8internal11MatcherBaseIRKSt17basic_string_viewIcSt11char_traitsIcEEE9GetVTableINS8_11ValuePolicyINS0_9EqMatcherINSt7__cxx1112basic_stringIcS4_SaIcEEEEELb0EEEEEPKNS8_6VTableEv
FNA:21,0,_ZN7testing8internal11MatcherBaseISt17basic_string_viewIcSt11char_traitsIcEEE9GetVTableINS6_11ValuePolicyINS0_9EqMatcherINSt7__cxx1112basic_stringIcS4_SaIcEEEEELb0EEEEEPKNS6_6VTableEv
FNL:22,425,429
FNA:22,0,_ZN7testing8internal11MatcherBaseINSt7__cxx1112basic_stringIcSt11char_traitsIcESaIcEEEE7DestroyEv
FNA:22,0,_ZN7testing8internal11MatcherBaseIRKNSt7__cxx1112basic_stringIcSt11char_traitsIcESaIcEEEE7DestroyEv
FNA:22,0,_ZN7testing8internal11MatcherBaseIRKSt17basic_string_viewIcSt11char_traitsIcEEE7DestroyEv
FNA:22,0,_ZN7testing8internal11MatcherBaseISt17basic_string_viewIcSt11char_traitsIcEEE7DestroyEv
FNL:23,456,458
FNA:23,0,_ZN7testing8internal11MatcherBaseINSt7__cxx1112basic_stringIcSt11char_traitsIcESaIcEEEE11ValuePolicyINS0_9EqMatcherIS7_EELb0EE3GetERKS8_
FNA:23,0,_ZN7testing8internal11MatcherBaseIRKNSt7__cxx1112basic_stringIcSt11char_traitsIcESaIcEEEE11ValuePolicyINS0_9EqMatcherIS7_EELb0EE3GetERKSA_
FNA:23,0,_ZN7testing8internal11MatcherBaseIRKSt17basic_string_viewIcSt11char_traitsIcEEE11ValuePolicyINS0_9EqMatcherINSt7__cxx1112basic_stringIcS4_SaIcEEEEELb0EE3GetERKS8_
FNA:23,0,_ZN7testing8internal11MatcherBaseISt17basic_string_viewIcSt11char_traitsIcEEE11ValuePolicyINS0_9EqMatcherINSt7__cxx1112basic_stringIcS4_SaIcEEEEELb0EE3GetERKS6_
FNL:24,460,462
FNA:24,0,_ZN7testing8internal11MatcherBaseINSt7__cxx1112basic_stringIcSt11char_traitsIcESaIcEEEE11ValuePolicyINS0_9EqMatcherIS7_EELb0EE4InitISB_EEvRS8_OT_
FNA:24,0,_ZN7testing8internal11MatcherBaseIRKNSt7__cxx1112basic_stringIcSt11char_traitsIcESaIcEEEE11ValuePolicyINS0_9EqMatcherIS7_EELb0EE4InitISD_EEvRSA_OT_
FNA:24,0,_ZN7testing8internal11MatcherBaseIRKSt17basic_string_viewIcSt11char_traitsIcEEE11ValuePolicyINS0_9EqMatcherINSt7__cxx1112basic_stringIcS4_SaIcEEEEELb0EE4InitISF_EEvRS8_OT_
FNA:24,0,_ZN7testing8internal11MatcherBaseISt17basic_string_viewIcSt11char_traitsIcEEE11ValuePolicyINS0_9EqMatcherINSt7__cxx1112basic_stringIcS4_SaIcEEEEELb0EE4InitISD_EEvRS6_OT_
FNL:25,481,486
FNA:25,0,_ZN7testing8internal11MatcherBaseINSt7__cxx1112basic_stringIcSt11char_traitsIcESaIcEEEE4InitINS0_9EqMatcherIS7_EEEEvOT_
FNA:25,0,_ZN7testing8internal11MatcherBaseIRKNSt7__cxx1112basic_stringIcSt11char_traitsIcESaIcEEEE4InitINS0_9EqMatcherIS7_EEEEvOT_
FNA:25,0,_ZN7testing8internal11MatcherBaseIRKSt17basic_string_viewIcSt11char_traitsIcEEE4InitINS0_9EqMatcherINSt7__cxx1112basic_stringIcS4_SaIcEEEEEEEvOT_
FNA:25,0,_ZN7testing8internal11MatcherBaseISt17basic_string_viewIcSt11char_traitsIcEEE4InitINS0_9EqMatcherINSt7__cxx1112basic_stringIcS4_SaIcEEEEEEEvOT_
FNL:26,540,541
FNA:26,0,_ZN7testing7MatcherIRKNSt7__cxx1112basic_stringIcSt11char_traitsIcESaIcEEEEC2INS_8internal9EqMatcherIS6_EEvEEOT_
FNL:27,564,565
FNA:27,0,_ZN7testing7MatcherINSt7__cxx1112basic_stringIcSt11char_traitsIcESaIcEEEEC2INS_8internal9EqMatcherIS6_EEvEEOT_
FNL:28,590,592
FNA:28,0,_ZN7testing7MatcherIRKSt17basic_string_viewIcSt11char_traitsIcEEEC2INS_8internal9EqMatcherINSt7__cxx1112basic_stringIcS3_SaIcEEEEEvEEOT_
FNL:29,618,619
FNA:29,0,_ZN7testing7MatcherISt17basic_string_viewIcSt11char_traitsIcEEEC2INS_8internal9EqMatcherINSt7__cxx1112basic_stringIcS3_SaIcEEEEEvEEOT_
FNL:30,730,730
FNA:30,0,_ZN7testing8internal14ComparisonBaseINS0_9EqMatcherINSt7__cxx1112basic_stringIcSt11char_traitsIcESaIcEEEEES8_NS0_5AnyEqEEC2ERKS8_
FNL:31,735,737
FNA:31,0,_ZNK7testing8internal14ComparisonBaseINS0_9EqMatcherINSt7__cxx1112basic_stringIcSt11char_traitsIcESaIcEEEEES8_NS0_5AnyEqEE15MatchAndExplainIS8_EEbRKT_PSo
FNA:31,0,_ZNK7testing8internal14ComparisonBaseINS0_9EqMatcherINSt7__cxx1112basic_stringIcSt11char_traitsIcESaIcEEEEES8_NS0_5AnyEqEE15MatchAndExplainISt17basic_string_viewIcS6_EEEbRKT_PSo
FNL:32,738,741
FNA:32,0,_ZNK7testing8internal14ComparisonBaseINS0_9EqMatcherINSt7__cxx1112basic_stringIcSt11char_traitsIcESaIcEEEEES8_NS0_5AnyEqEE10DescribeToEPSo
FNL:33,742,745
FNA:33,0,_ZNK7testing8internal14ComparisonBaseINS0_9EqMatcherINSt7__cxx1112basic_stringIcSt11char_traitsIcESaIcEEEEES8_NS0_5AnyEqEE18DescribeNegationToEPSo
FNL:34,749,751
FNA:34,0,_ZN7testing8internal14ComparisonBaseINS0_9EqMatcherINSt7__cxx1112basic_stringIcSt11char_traitsIcESaIcEEEEES8_NS0_5AnyEqEE6UnwrapIS8_EERKT_SF_
FNL:35,763,764
FNA:35,0,_ZN7testing8internal9EqMatcherINSt7__cxx1112basic_stringIcSt11char_traitsIcESaIcEEEEC2ERKS7_
FNL:36,765,765
FNA:36,0,_ZN7testing8internal9EqMatcherINSt7__cxx1112basic_stringIcSt11char_traitsIcESaIcEEEE4DescEv
FNL:37,766,766
FNA:37,0,_ZN7testing8internal9EqMatcherINSt7__cxx1112basic_stringIcSt11char_traitsIcESaIcEEEE11NegatedDescEv
FNL:38,82,82
FNA:38,0,_ZN7testing19MatchResultListenerC2EPSo
FNL:39,895,897
FNA:39,0,_ZN7testing2EqINSt7__cxx1112basic_stringIcSt11char_traitsIcESaIcEEEEENS_8internal9EqMatcherIT_EES9_
FNL:40,94,94
FNA:40,0,_ZN7testing19MatchResultListener6streamEv
FNF:41
FNH:0
DA:82,0
DA:94,0
DA:109,0
DA:115,0
DA:130,0
DA:131,0
DA:132,0
DA:133,0
DA:134,0
DA:183,0
DA:184,0
DA:221,0
DA:245,0
DA:251,0
DA:253,0
DA:254,0
DA:255,0
DA:268,0
DA:269,0
DA:270,0
DA:274,0
DA:275,0
DA:276,0
DA:277,0
DA:280,0
DA:281,0
DA:282,0
DA:283,0
DA:286,0
DA:287,0
DA:288,0
DA:289,0
DA:306,0
DA:317,0
DA:318,0
DA:319,0
DA:335,0
DA:336,0
DA:337,0
DA:338,0
DA:340,0
DA:341,0
DA:342,0
DA:343,0
DA:344,0
DA:345,0
DA:346,0
DA:349,0
DA:363,0
DA:364,0
DA:369,0
DA:372,0
DA:383,0
DA:385,0
DA:386,0
DA:388,0
DA:390,0
DA:393,0
DA:405,0
DA:409,0
DA:413,0
DA:425,0
DA:426,0
DA:427,0
DA:429,0
DA:456,0
DA:457,0
DA:460,0
DA:461,0
DA:462,0
DA:481,0
DA:484,0
DA:485,0
DA:486,0
DA:540,0
DA:541,0
DA:564,0
DA:565,0
DA:590,0
DA:591,0
DA:592,0
DA:618,0
DA:619,0
DA:730,0
DA:735,0
DA:736,0
DA:738,0
DA:739,0
DA:740,0
DA:741,0
DA:742,0
DA:743,0
DA:744,0
DA:745,0
DA:749,0
DA:750,0
DA:763,0
DA:764,0
DA:765,0
DA:766,0
DA:895,0
DA:896,0
LF:102
LH:0
end_of_record
TN:
SF:/home/kali/IE0417_optativa/laboratorio-testing/build/_deps/googletest-src/googletest/include/gtest/gtest-message.h
FNL:0,103,105
FNA:0,0,_ZN7testing7MessageC2ERKS0_
FNL:1,114,132
FNA:1,0,_ZN7testing7MessagelsIA100_cEERS0_RKT_
FNA:1,0,_ZN7testing7MessagelsIA106_cEERS0_RKT_
FNA:1,0,_ZN7testing7MessagelsIA10_cEERS0_RKT_
FNA:1,0,_ZN7testing7MessagelsIA11_cEERS0_RKT_
FNA:1,0,_ZN7testing7MessagelsIA12_cEERS0_RKT_
FNA:1,0,_ZN7testing7MessagelsIA13_cEERS0_RKT_
FNA:1,0,_ZN7testing7MessagelsIA14_cEERS0_RKT_
FNA:1,0,_ZN7testing7MessagelsIA15_cEERS0_RKT_
FNA:1,0,_ZN7testing7MessagelsIA16_cEERS0_RKT_
FNA:1,0,_ZN7testing7MessagelsIA17_cEERS0_RKT_
FNA:1,0,_ZN7testing7MessagelsIA18_cEERS0_RKT_
FNA:1,0,_ZN7testing7MessagelsIA19_cEERS0_RKT_
FNA:1,0,_ZN7testing7MessagelsIA20_cEERS0_RKT_
FNA:1,0,_ZN7testing7MessagelsIA21_cEERS0_RKT_
FNA:1,0,_ZN7testing7MessagelsIA22_cEERS0_RKT_
FNA:1,0,_ZN7testing7MessagelsIA24_cEERS0_RKT_
FNA:1,0,_ZN7testing7MessagelsIA256_cEERS0_RKT_
FNA:1,0,_ZN7testing7MessagelsIA25_cEERS0_RKT_
FNA:1,0,_ZN7testing7MessagelsIA27_cEERS0_RKT_
FNA:1,0,_ZN7testing7MessagelsIA28_cEERS0_RKT_
FNA:1,0,_ZN7testing7MessagelsIA29_cEERS0_RKT_
FNA:1,0,_ZN7testing7MessagelsIA2_cEERS0_RKT_
FNA:1,0,_ZN7testing7MessagelsIA30_cEERS0_RKT_
FNA:1,0,_ZN7testing7MessagelsIA32_cEERS0_RKT_
FNA:1,0,_ZN7testing7MessagelsIA33_cEERS0_RKT_
FNA:1,0,_ZN7testing7MessagelsIA35_cEERS0_RKT_
FNA:1,0,_ZN7testing7MessagelsIA38_cEERS0_RKT_
FNA:1,0,_ZN7testing7MessagelsIA39_cEERS0_RKT_
FNA:1,0,_ZN7testing7MessagelsIA3_cEERS0_RKT_
FNA:1,0,_ZN7testing7MessagelsIA40_cEERS0_RKT_
FNA:1,0,_ZN7testing7MessagelsIA41_cEERS0_RKT_
FNA:1,0,_ZN7testing7MessagelsIA47_cEERS0_RKT_
FNA:1,0,_ZN7testing7MessagelsIA48_cEERS0_RKT_
FNA:1,0,_ZN7testing7MessagelsIA4_cEERS0_RKT_
FNA:1,0,_ZN7testing7MessagelsIA50_cEERS0_RKT_
FNA:1,0,_ZN7testing7MessagelsIA51_cEERS0_RKT_
FNA:1,0,_ZN7testing7MessagelsIA52_cEERS0_RKT_
FNA:1,0,_ZN7testing7MessagelsIA53_cEERS0_RKT_
FNA:1,0,_ZN7testing7MessagelsIA5_cEERS0_RKT_
FNA:1,0,_ZN7testing7MessagelsIA60_cEERS0_RKT_
FNA:1,0,_ZN7testing7MessagelsIA61_cEERS0_RKT_
FNA:1,0,_ZN7testing7MessagelsIA62_cEERS0_RKT_
FNA:1,0,_ZN7testing7MessagelsIA63_cEERS0_RKT_
FNA:1,0,_ZN7testing7MessagelsIA65_cEERS0_RKT_
FNA:1,0,_ZN7testing7MessagelsIA68_cEERS0_RKT_
FNA:1,0,_ZN7testing7MessagelsIA6_cEERS0_RKT_
FNA:1,42,_ZN7testing7MessagelsIA7_cEERS0_RKT_
FNA:1,0,_ZN7testing7MessagelsIA8_cEERS0_RKT_
FNA:1,0,_ZN7testing7MessagelsIA95_cEERS0_RKT_
FNA:1,0,_ZN7testing7MessagelsIA9_cEERS0_RKT_
FNA:1,0,_ZN7testing7MessagelsINS_14TestPartResultEEERS0_RKT_
FNA:1,0,_ZN7testing7MessagelsINSt7__cxx1112basic_stringIcSt11char_traitsIcESaIcEEEEERS0_RKT_
FNA:1,0,_ZN7testing7MessagelsIS0_EERS0_RKT_
FNA:1,4922,_ZN7testing7MessagelsIcEERS0_RKT_
FNA:1,0,_ZN7testing7MessagelsIdEERS0_RKT_
FNA:1,56,_ZN7testing7MessagelsIiEERS0_RKT_
FNA:1,45,_ZN7testing7MessagelsIlEERS0_RKT_
FNA:1,0,_ZN7testing7MessagelsImEERS0_RKT_
FNL:2,148,155
FNA:2,42,_ZN7testing7MessagelsIKcEERS0_RKPT_
FNA:2,6,_ZN7testing7MessagelsIcEERS0_RKPT_
FNL:3,198,200
FNA:3,0,_ZN7testinglsERSoRKNS_7MessageE
FNL:4,209,211
FNA:4,6,_ZN7testing8internal18StreamableToStringIPcEENSt7__cxx1112basic_stringIcSt11char_traitsIcESaIcEEERKT_
FNA:4,0,_ZN7testing8internal18StreamableToStringIPwEENSt7__cxx1112basic_stringIcSt11char_traitsIcESaIcEEERKT_
FNA:4,56,_ZN7testing8internal18StreamableToStringIiEENSt7__cxx1112basic_stringIcSt11char_traitsIcESaIcEEERKT_
FNA:4,45,_ZN7testing8internal18StreamableToStringIlEENSt7__cxx1112basic_stringIcSt11char_traitsIcESaIcEEERKT_
FNF:5
FNH:3
DA:103,0
DA:104,0
DA:105,0
DA:114,5065
DA:130,5065
DA:131,5065
DA:148,48
DA:149,48
DA:150,0
DA:152,48
DA:154,48
DA:198,0
DA:199,0
DA:209,107
DA:210,107
LF:15
LH:9
end_of_record
TN:
SF:/home/kali/IE0417_optativa/laboratorio-testing/build/_deps/googletest-src/googletest/include/gtest/gtest-printers.h
FNL:0,1035,1039
FNA:0,0,_ZN7testing13PrintToStringINSt7__cxx1112basic_stringIcSt11char_traitsIcESaIcEEEEES6_RKT_
FNA:0,0,_ZN7testing13PrintToStringIPKcEENSt7__cxx1112basic_stringIcSt11char_traitsIcESaIcEEERKT_
FNA:0,0,_ZN7testing13PrintToStringIPKwEENSt7__cxx1112basic_stringIcSt11char_traitsIcESaIcEEERKT_
FNA:0,0,_ZN7testing13PrintToStringIcEENSt7__cxx1112basic_stringIcSt11char_traitsIcESaIcEEERKT_
FNA:0,0,_ZN7testing13PrintToStringIiEENSt7__cxx1112basic_stringIcSt11char_traitsIcESaIcEEERKT_
FNL:1,213,217
FNA:1,0,_ZN7testing8internal52internal_stream_operator_without_lexical_name_lookup13StreamPrinter10PrintValueIivRSoEEvRKT_PSo
FNL:2,305,312
FNA:2,0,_ZN7testing8internal17PrintWithFallbackIiEEvRKT_PSo
FNL:3,332,334
FNA:3,0,_ZN7testing8internal19FormatForComparisonINSt7__cxx1112basic_stringIcSt11char_traitsIcESaIcEEEA1_cE6FormatERKS7_
FNA:3,0,_ZN7testing8internal19FormatForComparisonINSt7__cxx1112basic_stringIcSt11char_traitsIcESaIcEEEA5_cE6FormatERKS7_
FNA:3,0,_ZN7testing8internal19FormatForComparisonINSt7__cxx1112basic_stringIcSt11char_traitsIcESaIcEEEA8_cE6FormatERKS7_
FNA:3,0,_ZN7testing8internal19FormatForComparisonIccE6FormatB5cxx11ERKc
FNA:3,0,_ZN7testing8internal19FormatForComparisonIiiE6FormatB5cxx11ERKi
FNL:4,341,343
FNA:4,0,_ZN7testing8internal19FormatForComparisonIA1_cNSt7__cxx1112basic_stringIcSt11char_traitsIcESaIcEEEE6FormatEPKc
FNA:4,0,_ZN7testing8internal19FormatForComparisonIA5_cNSt7__cxx1112basic_stringIcSt11char_traitsIcESaIcEEEE6FormatEPKc
FNA:4,0,_ZN7testing8internal19FormatForComparisonIA8_cNSt7__cxx1112basic_stringIcSt11char_traitsIcESaIcEEEE6FormatEPKc
FNL:5,386,386
FNA:5,0,_ZN7testing8internal19FormatForComparisonIPKcNSt7__cxx1112basic_stringIcSt11char_traitsIcESaIcEEEE6FormatES3_
FNL:6,412,415
FNA:6,0,_ZN7testing8internal33FormatForComparisonFailureMessageIA1_cNSt7__cxx1112basic_stringIcSt11char_traitsIcESaIcEEEEES8_RKT_RKT0_
FNA:6,0,_ZN7testing8internal33FormatForComparisonFailureMessageIA5_cNSt7__cxx1112basic_stringIcSt11char_traitsIcESaIcEEEEES8_RKT_RKT0_
FNA:6,0,_ZN7testing8internal33FormatForComparisonFailureMessageIA8_cNSt7__cxx1112basic_stringIcSt11char_traitsIcESaIcEEEEES8_RKT_RKT0_
FNA:6,0,_ZN7testing8internal33FormatForComparisonFailureMessageINSt7__cxx1112basic_stringIcSt11char_traitsIcESaIcEEEA1_cEES7_RKT_RKT0_
FNA:6,0,_ZN7testing8internal33FormatForComparisonFailureMessageINSt7__cxx1112basic_stringIcSt11char_traitsIcESaIcEEEA5_cEES7_RKT_RKT0_
FNA:6,0,_ZN7testing8internal33FormatForComparisonFailureMessageINSt7__cxx1112basic_stringIcSt11char_traitsIcESaIcEEEA8_cEES7_RKT_RKT0_
FNA:6,0,_ZN7testing8internal33FormatForComparisonFailureMessageIccEENSt7__cxx1112basic_stringIcSt11char_traitsIcESaIcEEERKT_RKT0_
FNA:6,0,_ZN7testing8internal33FormatForComparisonFailureMessageIiiEENSt7__cxx1112basic_stringIcSt11char_traitsIcESaIcEEERKT_RKT0_
FNL:7,439,441
FNA:7,0,_ZN7testing8internal7PrintToIiEEvRKT_PSo
FNL:8,450,455
FNA:8,0,_ZN7testing8internal7PrintToEcPSo
FNL:9,554,556
FNA:9,0,_ZN7testing8internal7PrintToERKNSt7__cxx1112basic_stringIcSt11char_traitsIcESaIcEEEPSo
FNL:10,581,583
FNA:10,0,_ZN7testing8internal7PrintToERKNSt7__cxx1112basic_stringIwSt11char_traitsIwESaIwEEEPSo
FNL:11,693,703
FNA:11,0,_ZN7testing8internal16UniversalPrinterINSt7__cxx1112basic_stringIcSt11char_traitsIcESaIcEEEE5PrintERKS7_PSo
FNA:11,0,_ZN7testing8internal16UniversalPrinterINSt7__cxx1112basic_stringIwSt11char_traitsIwESaIwEEEE5PrintERKS7_PSo
FNA:11,0,_ZN7testing8internal16UniversalPrinterIcE5PrintERKcPSo
FNA:11,0,_ZN7testing8internal16UniversalPrinterIiE5PrintERKiPSo
FNL:12,883,885
FNA:12,0,_ZN7testing8internal21UniversalTersePrinterINSt7__cxx1112basic_stringIcSt11char_traitsIcESaIcEEEE5PrintERKS7_PSo
FNA:12,0,_ZN7testing8internal21UniversalTersePrinterIcE5PrintERKcPSo
FNA:12,0,_ZN7testing8internal21UniversalTersePrinterIiE5PrintERKiPSo
FNL:13,904,910
FNA:13,0,_ZN7testing8internal21UniversalTersePrinterIPKcE5PrintES3_PSo
FNL:14,967,973
FNA:14,0,_ZN7testing8internal21UniversalTersePrinterIPKwE5PrintES3_PSo
FNL:15,995,1000
FNA:15,0,_ZN7testing8internal14UniversalPrintINSt7__cxx1112basic_stringIcSt11char_traitsIcESaIcEEEEEvRKT_PSo
FNA:15,0,_ZN7testing8internal14UniversalPrintINSt7__cxx1112basic_stringIwSt11char_traitsIwESaIwEEEEEvRKT_PSo
FNA:15,0,_ZN7testing8internal14UniversalPrintIcEEvRKT_PSo
FNA:15,0,_ZN7testing8internal14UniversalPrintIiEEvRKT_PSo
FNF:16
FNH:0
DA:213,0
DA:216,0
DA:217,0
DA:305,0
DA:311,0
DA:312,0
DA:332,0
DA:333,0
DA:341,0
DA:342,0
DA:386,0
DA:412,0
DA:414,0
DA:439,0
DA:440,0
DA:441,0
DA:450,0
DA:454,0
DA:455,0
DA:554,0
DA:555,0
DA:556,0
DA:581,0
DA:582,0
DA:583,0
DA:693,0
DA:702,0
DA:703,0
DA:883,0
DA:884,0
DA:885,0
DA:904,0
DA:905,0
DA:906,0
DA:908,0
DA:910,0
DA:967,0
DA:968,0
DA:969,0
DA:971,0
DA:973,0
DA:995,0
DA:999,0
DA:1000,0
DA:1035,0
DA:1036,0
DA:1037,0
DA:1038,0
DA:1039,0
LF:49
LH:0
end_of_record
TN:
SF:/home/kali/IE0417_optativa/laboratorio-testing/build/_deps/googletest-src/googletest/include/gtest/gtest-test-part.h
FNL:0,100,100
FNA:0,0,_ZNK7testing14TestPartResult17nonfatally_failedEv
FNL:1,103,103
FNA:1,0,_ZNK7testing14TestPartResult14fatally_failedEv
FNL:2,106,106
FNA:2,0,_ZNK7testing14TestPartResult6failedEv
FNL:3,155,155
FNA:3,0,_ZN7testing31TestPartResultReporterInterfaceD0Ev
FNA:3,4,_ZN7testing31TestPartResultReporterInterfaceD2Ev
FNL:4,66,72
FNA:4,0,_ZN7testing14TestPartResultC2ENS0_4TypeEPKciS3_
FNL:5,75,75
FNA:5,0,_ZNK7testing14TestPartResult4typeEv
FNL:6,79,81
FNA:6,0,_ZNK7testing14TestPartResult9file_nameEv
FNL:7,85,85
FNA:7,0,_ZNK7testing14TestPartResult11line_numberEv
FNL:8,88,88
FNA:8,0,_ZNK7testing14TestPartResult7summaryEv
FNL:9,91,91
FNA:9,0,_ZNK7testing14TestPartResult7messageEv
FNL:10,94,94
FNA:10,0,_ZNK7testing14TestPartResult7skippedEv
FNF:11
FNH:1
DA:66,0
DA:68,0
DA:69,0
DA:70,0
DA:71,0
DA:72,0
DA:75,0
DA:79,0
DA:80,0
DA:85,0
DA:88,0
DA:91,0
DA:94,0
DA:100,0
DA:103,0
DA:106,0
DA:155,4
LF:17
LH:1
end_of_record
TN:
SF:/home/kali/IE0417_optativa/laboratorio-testing/build/_deps/googletest-src/googletest/include/gtest/gtest.h
FNL:0,1001,1001
FNA:0,0,_ZN7testing22EmptyTestEventListener16OnTestProgramEndERKNS_8UnitTestE
FNL:1,1246,1246
FNA:1,639,_ZN7testing8UnitTest4implEv
FNL:2,1247,1247
FNA:2,9,_ZNK7testing8UnitTest4implEv
FNL:3,1338,1344
FNA:3,0,_ZN7testing8internal18CmpHelperEQFailureINSt7__cxx1112basic_stringIcSt11char_traitsIcESaIcEEEA1_cEENS_15AssertionResultEPKcSB_RKT_RKT0_
FNA:3,0,_ZN7testing8internal18CmpHelperEQFailureINSt7__cxx1112basic_stringIcSt11char_traitsIcESaIcEEEA5_cEENS_15AssertionResultEPKcSB_RKT_RKT0_
FNA:3,0,_ZN7testing8internal18CmpHelperEQFailureINSt7__cxx1112basic_stringIcSt11char_traitsIcESaIcEEEA8_cEENS_15AssertionResultEPKcSB_RKT_RKT0_
FNA:3,0,_ZN7testing8internal18CmpHelperEQFailureIccEENS_15AssertionResultEPKcS4_RKT_RKT0_
FNA:3,0,_ZN7testing8internal18CmpHelperEQFailureIiiEENS_15AssertionResultEPKcS4_RKT_RKT0_
FNL:4,1355,1363
FNA:4,1,_ZN7testing8internal11CmpHelperEQINSt7__cxx1112basic_stringIcSt11char_traitsIcESaIcEEEA1_cEENS_15AssertionResultEPKcSB_RKT_RKT0_
FNA:4,1,_ZN7testing8internal11CmpHelperEQINSt7__cxx1112basic_stringIcSt11char_traitsIcESaIcEEEA5_cEENS_15AssertionResultEPKcSB_RKT_RKT0_
FNA:4,1,_ZN7testing8internal11CmpHelperEQINSt7__cxx1112basic_stringIcSt11char_traitsIcESaIcEEEA8_cEENS_15AssertionResultEPKcSB_RKT_RKT0_
FNA:4,15,_ZN7testing8internal11CmpHelperEQIccEENS_15AssertionResultEPKcS4_RKT_RKT0_
FNA:4,23,_ZN7testing8internal11CmpHelperEQIiiEENS_15AssertionResultEPKcS4_RKT_RKT0_
FNL:5,1374,1378
FNA:5,1,_ZN7testing8internal8EqHelper7CompareINSt7__cxx1112basic_stringIcSt11char_traitsIcESaIcEEEA1_cLPv0EEENS_15AssertionResultEPKcSD_RKT_RKT0_
FNA:5,1,_ZN7testing8internal8EqHelper7CompareINSt7__cxx1112basic_stringIcSt11char_traitsIcESaIcEEEA5_cLPv0EEENS_15AssertionResultEPKcSD_RKT_RKT0_
FNA:5,1,_ZN7testing8internal8EqHelper7CompareINSt7__cxx1112basic_stringIcSt11char_traitsIcESaIcEEEA8_cLPv0EEENS_15AssertionResultEPKcSD_RKT_RKT0_
FNA:5,15,_ZN7testing8internal8EqHelper7CompareIccLPv0EEENS_15AssertionResultEPKcS6_RKT_RKT0_
FNA:5,23,_ZN7testing8internal8EqHelper7CompareIiiLPv0EEENS_15AssertionResultEPKcS6_RKT_RKT0_
FNL:6,1407,1414
FNA:6,0,_ZN7testing8internal18CmpHelperOpFailureIiiEENS_15AssertionResultEPKcS4_RKT_RKT0_S4_
FNL:7,1436,1436
FNA:7,1,_ZN7testing8internal11CmpHelperNEIiiEENS_15AssertionResultEPKcS4_RKT_RKT0_
FNL:8,1546,1566
FNA:8,1,_ZN7testing8internal24CmpHelperFloatingPointEQIdEENS_15AssertionResultEPKcS4_T_S5_
FNL:9,1596,1598
FNA:9,0,_ZN7testing8internal12AssertHelper16AssertHelperDataC2ENS_14TestPartResult4TypeEPKciS6_
FNL:10,2259,2279
FNA:10,0,_ZN7testing12RegisterTestIJEZNS_8internal23InsertSyntheticTestCaseERKNSt7__cxx1112basic_stringIcSt11char_traitsIcESaIcEEENS1_12CodeLocationEbEUlvE_EEPNS_8TestInfoEPKcSF_SF_SF_SF_iT0_
FNA:10,0,_ZN7testing12RegisterTestIJEZNS_8internal34TypeParameterizedTestSuiteRegistry22CheckForInstantiationsEvEUlvE_EEPNS_8TestInfoEPKcS7_S7_S7_S7_iT0_
FNL:11,2266,2266
FNA:11,0,_ZZN7testing12RegisterTestIJEZNS_8internal23InsertSyntheticTestCaseERKNSt7__cxx1112basic_stringIcSt11char_traitsIcESaIcEEENS1_12CodeLocationEbEUlvE_EEPNS_8TestInfoEPKcSF_SF_SF_SF_iT0_EN11FactoryImplC2ESB_
FNA:11,0,_ZZN7testing12RegisterTestIJEZNS_8internal34TypeParameterizedTestSuiteRegistry22CheckForInstantiationsEvEUlvE_EEPNS_8TestInfoEPKcS7_S7_S7_S7_iT0_EN11FactoryImplC2ES3_
FNL:12,2267,2267
FNA:12,0,_ZZN7testing12RegisterTestIJEZNS_8internal23InsertSyntheticTestCaseERKNSt7__cxx1112basic_stringIcSt11char_traitsIcESaIcEEENS1_12CodeLocationEbEUlvE_EEPNS_8TestInfoEPKcSF_SF_SF_SF_iT0_EN11FactoryImpl10CreateTestEv
FNA:12,0,_ZZN7testing12RegisterTestIJEZNS_8internal34TypeParameterizedTestSuiteRegistry22CheckForInstantiationsEvEUlvE_EEPNS_8TestInfoEPKcS7_S7_S7_S7_iT0_EN11FactoryImpl10CreateTestEv
FNL:13,2293,2293
FNA:13,2,_Z13RUN_ALL_TESTSv
FNL:14,244,244
FNA:14,0,_ZN7testing4Test14SetUpTestSuiteEv
FNL:15,252,252
FNA:15,0,_ZN7testing4Test17TearDownTestSuiteEv
FNL:16,257,257
FNA:16,0,_ZN7testing4Test16TearDownTestCaseEv
FNL:17,258,258
FNA:17,0,_ZN7testing4Test13SetUpTestCaseEv
FNL:18,318,318
FNA:18,41,_ZN7testing4Test11DeleteSelf_Ev
FNL:19,339,339
FNA:19,0,_ZN7testing4Test5SetupEv
FNL:20,357,358
FNA:20,0,_ZN7testing12TestPropertyC2ERKNSt7__cxx1112basic_stringIcSt11char_traitsIcESaIcEEES8_
FNL:21,361,361
FNA:21,0,_ZNK7testing12TestProperty3keyEv
FNL:22,364,364
FNA:22,0,_ZNK7testing12TestProperty5valueEv
FNL:23,367,367
FNA:23,0,_ZN7testing12TestProperty8SetValueERKNSt7__cxx1112basic_stringIcSt11char_traitsIcESaIcEEE
FNL:24,398,398
FNA:24,82,_ZNK7testing10TestResult6PassedEv
FNL:25,413,413
FNA:25,41,_ZNK7testing10TestResult12elapsed_timeEv
FNL:26,417,417
FNA:26,0,_ZNK7testing10TestResult15start_timestampEv
FNL:27,450,450
FNA:27,41,_ZN7testing10TestResult19set_start_timestampEl
FNL:28,453,453
FNA:28,41,_ZN7testing10TestResult16set_elapsed_timeEl
FNL:29,474,474
FNA:29,0,_ZNK7testing10TestResult16death_test_countEv
FNL:30,477,477
FNA:30,0,_ZN7testing10TestResult26increment_death_test_countEv
FNL:31,523,523
FNA:31,164,_ZNK7testing8TestInfo15test_suite_nameEv
FNL:32,531,531
FNA:32,328,_ZNK7testing8TestInfo4nameEv
FNL:33,535,538
FNA:33,123,_ZNK7testing8TestInfo10type_paramEv
FNL:34,542,545
FNA:34,82,_ZNK7testing8TestInfo11value_paramEv
FNL:35,548,548
FNA:35,41,_ZNK7testing8TestInfo4fileEv
FNL:36,551,551
FNA:36,41,_ZNK7testing8TestInfo4lineEv
FNL:37,554,554
FNA:37,0,_ZNK7testing8TestInfo19is_in_another_shardEv
FNL:38,572,572
FNA:38,328,_ZNK7testing8TestInfo10should_runEv
FNL:39,575,579
FNA:39,123,_ZNK7testing8TestInfo13is_reportableEv
FNL:40,582,582
FNA:40,328,_ZNK7testing8TestInfo6resultEv
FNL:41,610,612
FNA:41,0,_ZN7testing8TestInfo26increment_death_test_countEv
FNL:42,621,623
FNA:42,41,_ZN7testing8TestInfo15ClearTestResultEPS0_
FNL:43,677,677
FNA:43,141,_ZNK7testing9TestSuite4nameEv
FNL:44,681,684
FNA:44,6,_ZNK7testing9TestSuite10type_paramEv
FNL:45,687,687
FNA:45,94,_ZNK7testing9TestSuite10should_runEv
FNL:46,714,714
FNA:46,0,_ZNK7testing9TestSuite6PassedEv
FNL:47,717,719
FNA:47,6,_ZNK7testing9TestSuite6FailedEv
FNL:48,722,722
FNA:48,3,_ZNK7testing9TestSuite12elapsed_timeEv
FNL:49,726,726
FNA:49,0,_ZNK7testing9TestSuite15start_timestampEv
FNL:50,734,734
FNA:50,9,_ZNK7testing9TestSuite18ad_hoc_test_resultEv
FNL:51,741,741
FNA:51,255,_ZN7testing9TestSuite14test_info_listEv
FNL:52,744,746
FNA:52,41,_ZNK7testing9TestSuite14test_info_listEv
FNL:53,753,753
FNA:53,88,_ZN7testing9TestSuite14set_should_runEb
FNL:54,763,765
FNA:54,3,_ZN7testing9TestSuite20ClearTestSuiteResultEPS0_
FNL:55,775,779
FNA:55,3,_ZN7testing9TestSuite17RunSetUpTestSuiteEv
FNL:56,783,787
FNA:56,3,_ZN7testing9TestSuite20RunTearDownTestSuiteEv
FNL:57,790,792
FNA:57,41,_ZN7testing9TestSuite10TestPassedEPKNS_8TestInfoE
FNL:58,795,797
FNA:58,41,_ZN7testing9TestSuite11TestSkippedEPKNS_8TestInfoE
FNL:59,800,802
FNA:59,82,_ZN7testing9TestSuite10TestFailedEPKNS_8TestInfoE
FNL:60,806,808
FNA:60,41,_ZN7testing9TestSuite22TestReportableDisabledEPKNS_8TestInfoE
FNL:61,811,813
FNA:61,0,_ZN7testing9TestSuite12TestDisabledEPKNS_8TestInfoE
FNL:62,816,818
FNA:62,41,_ZN7testing9TestSuite14TestReportableEPKNS_8TestInfoE
FNL:63,821,823
FNA:63,164,_ZN7testing9TestSuite13ShouldRunTestEPKNS_8TestInfoE
FNL:64,910,910
FNA:64,0,_ZN7testing17TestEventListenerD0Ev
FNA:64,6,_ZN7testing17TestEventListenerD2Ev
FNL:65,928,928
FNA:65,3,_ZN7testing17TestEventListener16OnTestSuiteStartERKNS_9TestSuiteE
FNL:66,932,932
FNA:66,0,_ZN7testing17TestEventListener15OnTestCaseStartERKNS_9TestSuiteE
FNL:67,939,939
FNA:67,0,_ZN7testing17TestEventListener14OnTestDisabledERKNS_8TestInfoE
FNL:68,950,950
FNA:68,3,_ZN7testing17TestEventListener14OnTestSuiteEndERKNS_9TestSuiteE
FNL:69,954,954
FNA:69,0,_ZN7testing17TestEventListener13OnTestCaseEndERKNS_9TestSuiteE
FNL:70,977,977
FNA:70,0,_ZN7testing22EmptyTestEventListener18OnTestProgramStartERKNS_8UnitTestE
FNL:71,978,979
FNA:71,0,_ZN7testing22EmptyTestEventListener20OnTestIterationStartERKNS_8UnitTestEi
FNL:72,980,980
FNA:72,0,_ZN7testing22EmptyTestEventListener24OnEnvironmentsSetUpStartERKNS_8UnitTestE
FNL:73,981,981
FNA:73,0,_ZN7testing22EmptyTestEventListener22OnEnvironmentsSetUpEndERKNS_8UnitTestE
FNL:74,982,982
FNA:74,0,_ZN7testing22EmptyTestEventListener16OnTestSuiteStartERKNS_9TestSuiteE
FNL:75,985,985
FNA:75,0,_ZN7testing22EmptyTestEventListener15OnTestCaseStartERKNS_9TestSuiteE
FNL:76,988,988
FNA:76,0,_ZN7testing22EmptyTestEventListener11OnTestStartERKNS_8TestInfoE
FNL:77,989,989
FNA:77,0,_ZN7testing22EmptyTestEventListener14OnTestDisabledERKNS_8TestInfoE
FNL:78,990,990
FNA:78,0,_ZN7testing22EmptyTestEventListener16OnTestPartResultERKNS_14TestPartResultE
FNL:79,991,991
FNA:79,0,_ZN7testing22EmptyTestEventListener9OnTestEndERKNS_8TestInfoE
FNL:80,992,992
FNA:80,0,_ZN7testing22EmptyTestEventListener14OnTestSuiteEndERKNS_9TestSuiteE
FNL:81,994,994
FNA:81,0,_ZN7testing22EmptyTestEventListener13OnTestCaseEndERKNS_9TestSuiteE
FNL:82,997,997
FNA:82,0,_ZN7testing22EmptyTestEventListener27OnEnvironmentsTearDownStartERKNS_8UnitTestE
FNL:83,998,998
FNA:83,0,_ZN7testing22EmptyTestEventListener25OnEnvironmentsTearDownEndERKNS_8UnitTestE
FNL:84,999,1000
FNA:84,0,_ZN7testing22EmptyTestEventListener18OnTestIterationEndERKNS_8UnitTestEi
FNF:85
FNH:43
DA:244,0
DA:252,0
DA:257,0
DA:258,0
DA:318,41
DA:339,0
DA:357,0
DA:358,0
DA:361,0
DA:364,0
DA:367,0
DA:398,82
DA:413,41
DA:417,0
DA:450,41
DA:453,41
DA:474,0
DA:477,0
DA:523,164
DA:531,328
DA:535,123
DA:536,123
DA:537,123
DA:542,82
DA:543,82
DA:544,82
DA:548,41
DA:551,41
DA:554,0
DA:572,328
DA:575,123
DA:578,123
DA:582,328
DA:610,0
DA:611,0
DA:621,41
DA:622,41
DA:623,41
DA:677,141
DA:681,6
DA:682,6
DA:683,6
DA:687,94
DA:714,0
DA:717,6
DA:718,6
DA:722,3
DA:726,0
DA:734,9
DA:741,255
DA:744,41
DA:745,41
DA:753,88
DA:763,3
DA:764,3
DA:765,3
DA:775,3
DA:776,3
DA:777,0
DA:779,3
DA:783,3
DA:784,3
DA:785,0
DA:787,3
DA:790,41
DA:791,41
DA:795,41
DA:796,41
DA:800,82
DA:801,82
DA:806,41
DA:807,41
DA:811,0
DA:812,0
DA:816,41
DA:817,41
DA:821,164
DA:822,164
DA:910,6
DA:928,3
DA:932,0
DA:939,0
DA:950,3
DA:954,0
DA:977,0
DA:978,0
DA:979,0
DA:980,0
DA:981,0
DA:982,0
DA:985,0
DA:988,0
DA:989,0
DA:990,0
DA:991,0
DA:992,0
DA:994,0
DA:997,0
DA:998,0
DA:999,0
DA:1000,0
DA:1001,0
DA:1246,639
DA:1247,9
DA:1338,0
DA:1342,0
DA:1343,0
DA:1355,41
DA:1358,41
DA:1359,41
DA:1362,0
DA:1374,41
DA:1377,41
DA:1407,0
DA:1410,0
DA:1411,0
DA:1412,0
DA:1413,0
DA:1436,1
DA:1546,1
DA:1549,1
DA:1551,1
DA:1552,1
DA:1555,0
DA:1556,0
DA:1557,0
DA:1559,0
DA:1560,0
DA:1561,0
DA:1564,0
DA:1565,0
DA:1566,0
DA:1596,0
DA:1598,0
DA:2259,0
DA:2266,0
DA:2267,0
DA:2273,0
DA:2275,0
DA:2278,0
DA:2293,2
LF:141
LH:72
end_of_record
TN:
SF:/home/kali/IE0417_optativa/laboratorio-testing/build/_deps/googletest-src/googletest/include/gtest/internal/gtest-death-test-internal.h
FNL:0,155,155
FNA:0,0,_ZN7testing8internal16DeathTestFactoryD0Ev
FNA:0,2,_ZN7testing8internal16DeathTestFactoryD2Ev
FNL:1,273,275
FNA:1,0,_ZN7testing8internal24InternalRunDeathTestFlagC2ERKNSt7__cxx1112basic_stringIcSt11char_traitsIcESaIcEEEiii
FNL:2,277,279
FNA:2,0,_ZN7testing8internal24InternalRunDeathTestFlagD2Ev
FNL:3,281,281
FNA:3,0,_ZNK7testing8internal24InternalRunDeathTestFlag4fileB5cxx11Ev
FNL:4,282,282
FNA:4,0,_ZNK7testing8internal24InternalRunDeathTestFlag4lineEv
FNL:5,283,283
FNA:5,0,_ZNK7testing8internal24InternalRunDeathTestFlag5indexEv
FNL:6,284,284
FNA:6,0,_ZNK7testing8internal24InternalRunDeathTestFlag8write_fdEv
FNL:7,90,90
FNA:7,0,_ZN7testing8internal9DeathTestD0Ev
FNA:7,0,_ZN7testing8internal9DeathTestD2Ev
FNF:8
FNH:1
DA:90,0
DA:155,2
DA:273,0
DA:275,0
DA:277,0
DA:278,0
DA:279,0
DA:281,0
DA:282,0
DA:283,0
DA:284,0
LF:11
LH:1
end_of_record
TN:
SF:/home/kali/IE0417_optativa/laboratorio-testing/build/_deps/googletest-src/googletest/include/gtest/internal/gtest-filepath.h
FNL:0,113,113
FNA:0,84,_ZNK7testing8internal8FilePath7IsEmptyEv
FNL:1,66,66
FNA:1,2,_ZN7testing8internal8FilePathC2Ev
FNL:2,67,67
FNA:2,0,_ZN7testing8internal8FilePathC2ERKS1_
FNL:3,69,71
FNA:3,7,_ZN7testing8internal8FilePathC2ERKNSt7__cxx1112basic_stringIcSt11char_traitsIcESaIcEEE
FNL:4,73,76
FNA:4,0,_ZN7testing8internal8FilePathaSERKS1_
FNL:5,78,78
FNA:5,2,_ZN7testing8internal8FilePath3SetERKS1_
FNL:6,80,80
FNA:6,3,_ZNK7testing8internal8FilePath6stringB5cxx11Ev
FNL:7,81,81
FNA:7,4,_ZNK7testing8internal8FilePath5c_strEv
FNF:8
FNH:6
DA:66,6
DA:67,0
DA:69,7
DA:70,7
DA:71,7
DA:73,0
DA:74,0
DA:75,0
DA:78,2
DA:80,3
DA:81,4
DA:113,84
LF:12
LH:8
end_of_record
TN:
SF:/home/kali/IE0417_optativa/laboratorio-testing/build/_deps/googletest-src/googletest/include/gtest/internal/gtest-internal.h
FNL:0,292,292
FNA:0,2,_ZN7testing8internal13FloatingPointIdEC2ERKd
FNA:0,0,_ZN7testing8internal13FloatingPointIfEC2ERKf
FNL:1,317,317
FNA:1,2,_ZNK7testing8internal13FloatingPointIdE13exponent_bitsEv
FNA:1,0,_ZNK7testing8internal13FloatingPointIfE13exponent_bitsEv
FNL:2,320,320
FNA:2,0,_ZNK7testing8internal13FloatingPointIdE13fraction_bitsEv
FNA:2,0,_ZNK7testing8internal13FloatingPointIfE13fraction_bitsEv
FNL:3,326,330
FNA:3,2,_ZNK7testing8internal13FloatingPointIdE6is_nanEv
FNA:3,0,_ZNK7testing8internal13FloatingPointIfE6is_nanEv
FNL:4,338,345
FNA:4,1,_ZNK7testing8internal13FloatingPointIdE12AlmostEqualsERKS2_
FNA:4,0,_ZNK7testing8internal13FloatingPointIfE12AlmostEqualsERKS2_
FNL:5,369,377
FNA:5,2,_ZN7testing8internal13FloatingPointIdE24SignAndMagnitudeToBiasedERKm
FNA:5,0,_ZN7testing8internal13FloatingPointIfE24SignAndMagnitudeToBiasedERKj
FNL:6,381,386
FNA:6,1,_ZN7testing8internal13FloatingPointIdE38DistanceBetweenSignAndMagnitudeNumbersERKmS4_
FNA:6,0,_ZN7testing8internal13FloatingPointIfE38DistanceBetweenSignAndMagnitudeNumbersERKjS4_
FNL:7,431,437
FNA:7,0,_ZN7testing8internal9GetTypeIdINS0_12_GLOBAL__N_111FailureTestEEEPKvv
FNA:7,84,_ZN7testing8internal9GetTypeIdINS_4TestEEEPKvv
FNL:8,450,450
FNA:8,0,_ZN7testing8internal15TestFactoryBaseD0Ev
FNA:8,82,_ZN7testing8internal15TestFactoryBaseD2Ev
FNL:9,457,457
FNA:9,82,_ZN7testing8internal15TestFactoryBaseC2Ev
FNL:10,469,469
FNA:10,1,_ZN7testing8internal15TestFactoryImplI30CalculatorTest_ZeroIsEven_TestE10CreateTestEv
FNA:10,1,_ZN7testing8internal15TestFactoryImplI32GradeUtilsTest_FailingGrade_TestE10CreateTestEv
FNA:10,1,_ZN7testing8internal15TestFactoryImplI32GradeUtilsTest_LetterGradeA_TestE10CreateTestEv
FNA:10,1,_ZN7testing8internal15TestFactoryImplI32GradeUtilsTest_LetterGradeB_TestE10CreateTestEv
FNA:10,1,_ZN7testing8internal15TestFactoryImplI32GradeUtilsTest_LetterGradeC_TestE10CreateTestEv
FNA:10,1,_ZN7testing8internal15TestFactoryImplI32GradeUtilsTest_LetterGradeD_TestE10CreateTestEv
FNA:10,1,_ZN7testing8internal15TestFactoryImplI32GradeUtilsTest_LetterGradeF_TestE10CreateTestEv
FNA:10,1,_ZN7testing8internal15TestFactoryImplI32GradeUtilsTest_PassingGrade_TestE10CreateTestEv
FNA:10,1,_ZN7testing8internal15TestFactoryImplI32StringUtilsTest_CountVowels_TestE10CreateTestEv
FNA:10,1,_ZN7testing8internal15TestFactoryImplI33CalculatorTest_DivideNumbers_TestE10CreateTestEv
FNA:10,1,_ZN7testing8internal15TestFactoryImplI35CalculatorTest_DetectOddNumber_TestE10CreateTestEv
FNA:10,1,_ZN7testing8internal15TestFactoryImplI35CalculatorTest_MultiplyNumbers_TestE10CreateTestEv
FNA:10,1,_ZN7testing8internal15TestFactoryImplI35CalculatorTest_SubtractNumbers_TestE10CreateTestEv
FNA:10,1,_ZN7testing8internal15TestFactoryImplI36CalculatorTest_DetectEvenNumber_TestE10CreateTestEv
FNA:10,1,_ZN7testing8internal15TestFactoryImplI36GradeUtilsTest_CalculateAverage_TestE10CreateTestEv
FNA:10,1,_ZN7testing8internal15TestFactoryImplI37GradeUtilsTest_MaximumValidGrade_TestE10CreateTestEv
FNA:10,1,_ZN7testing8internal15TestFactoryImplI37GradeUtilsTest_MinimumValidGrade_TestE10CreateTestEv
FNA:10,1,_ZN7testing8internal15TestFactoryImplI38CalculatorTest_AddNegativeNumbers_TestE10CreateTestEv
FNA:10,1,_ZN7testing8internal15TestFactoryImplI38CalculatorTest_AddPositiveNumbers_TestE10CreateTestEv
FNA:10,1,_ZN7testing8internal15TestFactoryImplI40CalculatorTest_AssertBeforeDivision_TestE10CreateTestEv
FNA:10,1,_ZN7testing8internal15TestFactoryImplI40CalculatorTest_MultipleExpectChecks_TestE10CreateTestEv
FNA:10,1,_ZN7testing8internal15TestFactoryImplI40StringUtilsTest_DetectNonPalindrome_TestE10CreateTestEv
FNA:10,1,_ZN7testing8internal15TestFactoryImplI41CalculatorTest_DivideNegativeNumbers_TestE10CreateTestEv
FNA:10,1,_ZN7testing8internal15TestFactoryImplI43StringUtilsTest_ConvertTextToUppercase_TestE10CreateTestEv
FNA:10,1,_ZN7testing8internal15TestFactoryImplI43StringUtilsTest_DetectSimplePalindrome_TestE10CreateTestEv
FNA:10,1,_ZN7testing8internal15TestFactoryImplI43StringUtilsTest_EmptyStringToUppercase_TestE10CreateTestEv
FNA:10,1,_ZN7testing8internal15TestFactoryImplI44CalculatorTest_DividePositiveByNegative_TestE10CreateTestEv
FNA:10,1,_ZN7testing8internal15TestFactoryImplI44StringUtilsTest_EmptyStringIsPalindrome_TestE10CreateTestEv
FNA:10,1,_ZN7testing8internal15TestFactoryImplI45GradeUtilsTest_GradeBoundaryBetweenBAndA_TestE10CreateTestEv
FNA:10,1,_ZN7testing8internal15TestFactoryImplI45GradeUtilsTest_GradeBoundaryBetweenCAndB_TestE10CreateTestEv
FNA:10,1,_ZN7testing8internal15TestFactoryImplI45GradeUtilsTest_GradeBoundaryBetweenDAndC_TestE10CreateTestEv
FNA:10,1,_ZN7testing8internal15TestFactoryImplI45GradeUtilsTest_GradeBoundaryBetweenFAndD_TestE10CreateTestEv
FNA:10,1,_ZN7testing8internal15TestFactoryImplI45StringUtilsTest_SingleLetterIsPalindrome_TestE10CreateTestEv
FNA:10,1,_ZN7testing8internal15TestFactoryImplI47CalculatorTest_DivideByZeroThrowsException_TestE10CreateTestEv
FNA:10,1,_ZN7testing8internal15TestFactoryImplI47GradeUtilsTest_InvalidGradeThrowsException_TestE10CreateTestEv
FNA:10,1,_ZN7testing8internal15TestFactoryImplI47StringUtilsTest_DetectPalindromeWithSpaces_TestE10CreateTestEv
FNA:10,1,_ZN7testing8internal15TestFactoryImplI48CalculatorTest_RandomAdditionsWithFixedSeed_TestE10CreateTestEv
FNA:10,1,_ZN7testing8internal15TestFactoryImplI48GradeUtilsTest_NegativeGradeThrowsException_TestE10CreateTestEv
FNA:10,1,_ZN7testing8internal15TestFactoryImplI48StringUtilsTest_ConvertMixedTextToUppercase_TestE10CreateTestEv
FNA:10,1,_ZN7testing8internal15TestFactoryImplI51StringUtilsTest_CountVowelsInTextWithoutVowels_TestE10CreateTestEv
FNA:10,1,_ZN7testing8internal15TestFactoryImplI53GradeUtilsTest_AverageEmptyVectorThrowsException_TestE10CreateTestEv
FNL:11,490,491
FNA:11,82,_ZN7testing8internal12CodeLocationC2ERKNSt7__cxx1112basic_stringIcSt11char_traitsIcESaIcEEEi
FNL:12,503,506
FNA:12,328,_ZN7testing8internal19GetNotDefaultOrNullEPFvvES2_
FNL:13,518,537
FNA:13,0,_ZN7testing8internal16SuiteApiResolverINS0_12_GLOBAL__N_111FailureTestEE19GetSetUpCaseOrSuiteEPKci
FNA:13,82,_ZN7testing8internal16SuiteApiResolverINS_4TestEE19GetSetUpCaseOrSuiteEPKci
FNL:14,539,558
FNA:14,0,_ZN7testing8internal16SuiteApiResolverINS0_12_GLOBAL__N_111FailureTestEE22GetTearDownCaseOrSuiteEPKci
FNA:14,82,_ZN7testing8internal16SuiteApiResolverINS_4TestEE22GetTearDownCaseOrSuiteEPKci
FNL:15,649,657
FNA:15,0,_ZN7testing8internal9SkipCommaEPKc
FNL:16,661,664
FNA:16,0,_ZN7testing8internal19GetPrefixUntilCommaB5cxx11EPKc
FNL:17,842,842
FNA:17,0,_ZN7testing8internal11AlwaysFalseEv
FNL:18,856,856
FNA:18,4,_ZN7testing8internal14TrueWithStringC2Ev
FNL:19,859,859
FNA:19,4,_ZNK7testing8internal14TrueWithStringcvbEv
FNL:20,872,872
FNA:20,2,_ZN7testing8internal6RandomC2Ej
FNL:21,874,874
FNA:21,0,_ZN7testing8internal6Random6ReseedEj
FNF:22
FNH:17
DA:292,2
DA:317,2
DA:320,0
DA:326,2
DA:329,2
DA:338,1
DA:341,1
DA:343,1
DA:344,1
DA:369,2
DA:370,2
DA:372,0
DA:375,2
DA:381,1
DA:383,1
DA:384,1
DA:385,1
DA:431,84
DA:436,84
DA:450,82
DA:457,82
DA:469,82
DA:490,82
DA:491,82
DA:503,328
DA:505,328
DA:518,82
DA:522,82
DA:524,82
DA:526,82
DA:529,0
DA:531,82
DA:539,82
DA:543,82
DA:545,82
DA:547,82
DA:550,0
DA:552,82
DA:649,0
DA:650,0
DA:651,0
DA:652,0
DA:654,0
DA:656,0
DA:661,0
DA:662,0
DA:663,0
DA:842,0
DA:856,4
DA:859,4
DA:872,2
DA:874,0
LF:52
LH:37
end_of_record
TN:
SF:/home/kali/IE0417_optativa/laboratorio-testing/build/_deps/googletest-src/googletest/include/gtest/internal/gtest-param-util.h
FNL:0,691,691
FNA:0,2,_ZN7testing8internal30ParameterizedTestSuiteRegistryC2Ev
FNL:1,692,696
FNA:1,2,_ZN7testing8internal30ParameterizedTestSuiteRegistryD2Ev
FNL:2,729,733
FNA:2,2,_ZN7testing8internal30ParameterizedTestSuiteRegistry13RegisterTestsEv
FNL:3,773,774
FNA:3,0,_ZN7testing8internal34TypeParameterizedTestSuiteRegistry30TypeParameterizedTestSuiteInfoC2ENS0_12CodeLocationE
FNF:4
FNH:3
DA:691,2
DA:692,2
DA:693,2
DA:694,0
DA:696,2
DA:729,2
DA:730,2
DA:731,0
DA:733,2
DA:773,0
DA:774,0
LF:11
LH:7
end_of_record
TN:
SF:/home/kali/IE0417_optativa/laboratorio-testing/build/_deps/googletest-src/googletest/include/gtest/internal/gtest-port.h
FNL:0,1065,1067
FNA:0,0,_ZN7testing8internal13ImplicitCast_IPKvEET_S4_
FNL:1,1116,1128
FNA:1,0,_ZN7testing8internal27CheckedDowncastToActualTypeINS0_11ThreadLocalIPNS_31TestPartResultReporterInterfaceEE11ValueHolderENS0_26ThreadLocalValueHolderBaseEEEPT_PT0_
FNA:1,0,_ZN7testing8internal27CheckedDowncastToActualTypeINS0_11ThreadLocalISt6vectorINS0_9TraceInfoESaIS4_EEE11ValueHolderENS0_26ThreadLocalValueHolderBaseEEEPT_PT0_
FNL:2,1619,1623
FNA:2,0,_ZN7testing8internal9MutexBase4LockEv
FNL:3,1626,1633
FNA:3,0,_ZN7testing8internal9MutexBase6UnlockEv
FNL:4,1676,1679
FNA:4,94,_ZN7testing8internal5MutexC2Ev
FNL:5,1680,1680
FNA:5,94,_ZN7testing8internal5MutexD2Ev
FNL:6,1694,1694
FNA:6,0,_ZN7testing8internal14GTestMutexLockC2EPNS0_9MutexBaseE
FNL:7,1696,1696
FNA:7,0,_ZN7testing8internal14GTestMutexLockD2Ev
FNL:8,1715,1715
FNA:8,0,_ZN7testing8internal26ThreadLocalValueHolderBaseD0Ev
FNA:8,0,_ZN7testing8internal26ThreadLocalValueHolderBaseD2Ev
FNL:9,1720,1722
FNA:9,4,DeleteThreadLocalValue
FNL:10,1728,1729
FNA:10,2,_ZN7testing8internal11ThreadLocalISt6vectorINS0_9TraceInfoESaIS3_EEEC2Ev
FNL:11,1730,1732
FNA:11,2,_ZN7testing8internal11ThreadLocalIPNS_31TestPartResultReporterInterfaceEEC2ERKS3_
FNL:12,1734,1741
FNA:12,2,_ZN7testing8internal11ThreadLocalIPNS_31TestPartResultReporterInterfaceEED2Ev
FNA:12,2,_ZN7testing8internal11ThreadLocalISt6vectorINS0_9TraceInfoESaIS3_EEED2Ev
FNL:13,1743,1743
FNA:13,0,_ZN7testing8internal11ThreadLocalIPNS_31TestPartResultReporterInterfaceEE7pointerEv
FNA:13,0,_ZN7testing8internal11ThreadLocalISt6vectorINS0_9TraceInfoESaIS3_EEE7pointerEv
FNL:14,1744,1744
FNA:14,0,_ZNK7testing8internal11ThreadLocalIPNS_31TestPartResultReporterInterfaceEE7pointerEv
FNL:15,1745,1745
FNA:15,0,_ZNK7testing8internal11ThreadLocalIPNS_31TestPartResultReporterInterfaceEE3getEv
FNL:16,1746,1746
FNA:16,0,_ZN7testing8internal11ThreadLocalIPNS_31TestPartResultReporterInterfaceEE3setERKS3_
FNL:17,1752,1752
FNA:17,0,_ZN7testing8internal11ThreadLocalISt6vectorINS0_9TraceInfoESaIS3_EEE11ValueHolderC2Ev
FNL:18,1753,1753
FNA:18,0,_ZN7testing8internal11ThreadLocalIPNS_31TestPartResultReporterInterfaceEE11ValueHolderC2ERKS3_
FNL:19,1755,1755
FNA:19,0,_ZN7testing8internal11ThreadLocalIPNS_31TestPartResultReporterInterfaceEE11ValueHolder7pointerEv
FNA:19,0,_ZN7testing8internal11ThreadLocalISt6vectorINS0_9TraceInfoESaIS3_EEE11ValueHolder7pointerEv
FNL:20,1763,1770
FNA:20,2,_ZN7testing8internal11ThreadLocalIPNS_31TestPartResultReporterInterfaceEE9CreateKeyEv
FNA:20,2,_ZN7testing8internal11ThreadLocalISt6vectorINS0_9TraceInfoESaIS3_EEE9CreateKeyEv
FNL:21,1772,1783
FNA:21,0,_ZNK7testing8internal11ThreadLocalIPNS_31TestPartResultReporterInterfaceEE16GetOrCreateValueEv
FNA:21,0,_ZNK7testing8internal11ThreadLocalISt6vectorINS0_9TraceInfoESaIS3_EEE16GetOrCreateValueEv
FNL:22,1787,1787
FNA:22,2,_ZN7testing8internal11ThreadLocalIPNS_31TestPartResultReporterInterfaceEE18ValueHolderFactoryC2Ev
FNA:22,2,_ZN7testing8internal11ThreadLocalISt6vectorINS0_9TraceInfoESaIS3_EEE18ValueHolderFactoryC2Ev
FNL:23,1788,1788
FNA:23,0,_ZN7testing8internal11ThreadLocalIPNS_31TestPartResultReporterInterfaceEE18ValueHolderFactoryD0Ev
FNA:23,2,_ZN7testing8internal11ThreadLocalIPNS_31TestPartResultReporterInterfaceEE18ValueHolderFactoryD2Ev
FNA:23,0,_ZN7testing8internal11ThreadLocalISt6vectorINS0_9TraceInfoESaIS3_EEE18ValueHolderFactoryD0Ev
FNA:23,2,_ZN7testing8internal11ThreadLocalISt6vectorINS0_9TraceInfoESaIS3_EEE18ValueHolderFactoryD2Ev
FNL:24,1798,1798
FNA:24,2,_ZN7testing8internal11ThreadLocalISt6vectorINS0_9TraceInfoESaIS3_EEE25DefaultValueHolderFactoryC2Ev
FNL:25,1799,1799
FNA:25,0,_ZNK7testing8internal11ThreadLocalISt6vectorINS0_9TraceInfoESaIS3_EEE25DefaultValueHolderFactory13MakeNewHolderEv
FNL:26,1809,1809
FNA:26,2,_ZN7testing8internal11ThreadLocalIPNS_31TestPartResultReporterInterfaceEE26InstanceValueHolderFactoryC2ERKS3_
FNL:27,1810,1812
FNA:27,0,_ZNK7testing8internal11ThreadLocalIPNS_31TestPartResultReporterInterfaceEE26InstanceValueHolderFactory13MakeNewHolderEv
FNL:28,1905,1907
FNA:28,0,_ZN7testing8internal7IsDigitEc
FNL:29,1911,1913
FNA:29,0,_ZN7testing8internal7IsSpaceEc
FNL:30,1917,1919
FNA:30,0,_ZN7testing8internal8IsXDigitEc
FNL:31,1925,1928
FNA:31,0,_ZN7testing8internal8IsXDigitEDs
FNL:32,1929,1932
FNA:32,0,_ZN7testing8internal8IsXDigitEDi
FNL:33,1933,1936
FNA:33,0,_ZN7testing8internal8IsXDigitEw
FNL:34,1941,1943
FNA:34,828,_ZN7testing8internal7ToUpperEc
FNL:35,1945,1949
FNA:35,0,_ZN7testing8internal19StripTrailingSpacesENSt7__cxx1112basic_stringIcSt11char_traitsIcESaIcEEE
FNL:36,2015,2015
FNA:36,1,_ZN7testing8internal5posix6FileNoEP8_IO_FILE
FNL:37,2016,2016
FNA:37,1,_ZN7testing8internal5posix8DoIsATTYEi
FNL:38,2017,2017
FNA:38,1,_ZN7testing8internal5posix4StatEPKcP4stat
FNL:39,2018,2020
FNA:39,1,_ZN7testing8internal5posix10StrCaseCmpEPKcS3_
FNL:40,2021,2021
FNA:40,0,_ZN7testing8internal5posix6StrDupEPKc
FNL:41,2023,2023
FNA:41,1,_ZN7testing8internal5posix5IsDirERK4stat
FNL:42,2027,2036
FNA:42,1,_ZN7testing8internal5posix6IsATTYEi
FNL:43,2050,2060
FNA:43,1,_ZN7testing8internal5posix5FOpenEPKcS3_
FNL:44,2065,2065
FNA:44,0,_ZN7testing8internal5posix6FDOpenEiPKc
FNL:45,2067,2067
FNA:45,0,_ZN7testing8internal5posix6FCloseEP8_IO_FILE
FNL:46,2069,2071
FNA:46,0,_ZN7testing8internal5posix4ReadEiPvj
FNL:47,2072,2074
FNA:47,0,_ZN7testing8internal5posix5WriteEiPKvj
FNL:48,2075,2075
FNA:48,0,_ZN7testing8internal5posix5CloseEi
FNL:49,2076,2076
FNA:49,0,_ZN7testing8internal5posix8StrErrorEi
FNL:50,2078,2092
FNA:50,59,_ZN7testing8internal5posix6GetEnvEPKc
FNL:51,2102,2102
FNA:51,0,_ZN7testing8internal5posix5AbortEv
FNL:52,967,967
FNA:52,0,_ZN7testing8internal8GTestLog9GetStreamEv
FNL:53,983,983
FNA:53,0,_ZN7testing8internal11LogToStderrEv
FNL:54,984,984
FNA:54,0,_ZN7testing8internal12FlushInfoLogEv
FNF:55
FNH:20
DA:967,0
DA:983,0
DA:984,0
DA:1065,0
DA:1066,0
DA:1116,0
DA:1118,0
DA:1124,0
DA:1619,0
DA:1620,0
DA:1621,0
DA:1622,0
DA:1623,0
DA:1626,0
DA:1631,0
DA:1632,0
DA:1633,0
DA:1676,94
DA:1677,94
DA:1678,94
DA:1679,94
DA:1680,94
DA:1694,0
DA:1696,0
DA:1715,0
DA:1720,4
DA:1721,4
DA:1722,4
DA:1728,2
DA:1729,2
DA:1730,2
DA:1731,2
DA:1732,2
DA:1734,4
DA:1736,4
DA:1740,4
DA:1741,4
DA:1743,0
DA:1744,0
DA:1745,0
DA:1746,0
DA:1752,0
DA:1753,0
DA:1755,0
DA:1763,4
DA:1767,4
DA:1769,4
DA:1772,0
DA:1774,0
DA:1775,0
DA:1776,0
DA:1779,0
DA:1780,0
DA:1781,0
DA:1782,0
DA:1787,4
DA:1788,4
DA:1798,2
DA:1799,0
DA:1809,2
DA:1810,0
DA:1811,0
DA:1905,0
DA:1906,0
DA:1911,0
DA:1912,0
DA:1917,0
DA:1918,0
DA:1925,0
DA:1926,0
DA:1927,0
DA:1929,0
DA:1930,0
DA:1931,0
DA:1933,0
DA:1934,0
DA:1935,0
DA:1941,828
DA:1942,828
DA:1945,0
DA:1946,0
DA:1947,0
DA:1948,0
DA:2015,1
DA:2016,1
DA:2017,1
DA:2018,1
DA:2019,1
DA:2021,0
DA:2023,1
DA:2027,1
DA:2031,1
DA:2032,1
DA:2033,1
DA:2035,1
DA:2050,1
DA:2058,1
DA:2065,0
DA:2067,0
DA:2069,0
DA:2070,0
DA:2072,0
DA:2073,0
DA:2075,0
DA:2076,0
DA:2078,59
DA:2090,59
DA:2102,0
LF:108
LH:41
end_of_record
TN:
SF:/home/kali/IE0417_optativa/laboratorio-testing/build/_deps/googletest-src/googletest/include/gtest/internal/gtest-type-util.h
FNL:0,57,67
FNA:0,0,_ZN7testing8internal31CanonicalizeForStdLibVersioningENSt7__cxx1112basic_stringIcSt11char_traitsIcESaIcEEE
FNL:1,71,87
FNA:1,0,_ZN7testing8internal11GetTypeNameB5cxx11ERKSt9type_info
FNF:2
FNH:0
DA:57,0
DA:59,0
DA:60,0
DA:61,0
DA:63,0
DA:66,0
DA:71,0
DA:72,0
DA:74,0
DA:80,0
DA:81,0
DA:82,0
DA:83,0
DA:87,0
LF:14
LH:0
end_of_record
TN:
SF:/home/kali/IE0417_optativa/laboratorio-testing/build/_deps/googletest-src/googletest/src/gtest-assertion-result.cc
FNL:0,45,49
FNA:0,0,_ZN7testing15AssertionResultC2ERKS0_
FNL:1,52,56
FNA:1,0,_ZN7testing15AssertionResult4swapERS0_
FNL:2,59,63
FNA:2,0,_ZNK7testing15AssertionResultntEv
FNL:3,66,66
FNA:3,43,_ZN7testing16AssertionSuccessEv
FNL:4,69,69
FNA:4,0,_ZN7testing16AssertionFailureEv
FNL:5,73,75
FNA:5,0,_ZN7testing16AssertionFailureERKNS_7MessageE
FNF:6
FNH:1
DA:45,0
DA:46,0
DA:47,0
DA:48,0
DA:49,0
DA:52,0
DA:54,0
DA:55,0
DA:56,0
DA:59,0
DA:60,0
DA:61,0
DA:62,0
DA:63,0
DA:66,43
DA:69,0
DA:73,0
DA:74,0
LF:18
LH:1
end_of_record
TN:
SF:/home/kali/IE0417_optativa/laboratorio-testing/build/_deps/googletest-src/googletest/src/gtest-death-test.cc
FNL:0,1068,1068
FNA:0,0,_ZN7testing8internal16ForkingDeathTest13set_child_pidEi
FNL:1,1076,1078
FNA:1,0,_ZN7testing8internal16ForkingDeathTestC2EPKcNS_7MatcherIRKNSt7__cxx1112basic_stringIcSt11char_traitsIcESaIcEEEEE
FNL:2,1083,1092
FNA:2,0,_ZN7testing8internal16ForkingDeathTest4WaitEv
FNL:3,1098,1099
FNA:3,0,_ZN7testing8internal15NoExecDeathTestC2EPKcNS_7MatcherIRKNSt7__cxx1112basic_stringIcSt11char_traitsIcESaIcEEEEE
FNL:4,1105,1146
FNA:4,0,_ZN7testing8internal15NoExecDeathTest10AssumeRoleEv
FNL:5,1153,1157
FNA:5,0,_ZN7testing8internal13ExecDeathTestC2EPKcNS_7MatcherIRKNSt7__cxx1112basic_stringIcSt11char_traitsIcESaIcEEEEES3_i
FNL:6,1161,1169
FNA:6,0,_ZN7testing8internal13ExecDeathTest32GetArgvsForDeathTestChildProcessB5cxx11Ev
FNL:7,1179,1179
FNA:7,0,_ZN7testing8internal9ArgumentsC2Ev
FNL:8,1181,1186
FNA:8,0,_ZN7testing8internal9ArgumentsD2Ev
FNL:9,1187,1189
FNA:9,0,_ZN7testing8internal9Arguments11AddArgumentEPKc
FNL:10,1192,1197
FNA:10,0,_ZN7testing8internal9Arguments12AddArgumentsINSt7__cxx1112basic_stringIcSt11char_traitsIcESaIcEEEEEvRKSt6vectorIT_SaISA_EE
FNL:11,1198,1198
FNA:11,0,_ZN7testing8internal9Arguments4ArgvEv
FNL:12,1217,1242
FNA:12,0,_ZN7testing8internalL22ExecDeathTestChildMainEPv
FNL:13,1265,1268
FNA:13,0,_ZN7testing8internalL21StackLowerThanAddressEPKvPb
FNL:14,1273,1278
FNA:14,0,_ZN7testing8internalL14StackGrowsDownEv
FNL:15,1288,1381
FNA:15,0,_ZN7testing8internalL23ExecDeathTestSpawnChildEPKPci
FNL:16,1387,1431
FNA:16,0,_ZN7testing8internal13ExecDeathTest10AssumeRoleEv
FNL:17,1440,1498
FNA:17,0,_ZN7testing8internal23DefaultDeathTestFactory6CreateEPKcNS_7MatcherIRKNSt7__cxx1112basic_stringIcSt11char_traitsIcESaIcEEEEES3_iPPNS0_9DeathTestE
FNL:18,149,163
FNA:18,0,_ZN7testing8internal16InDeathTestChildEv
FNL:19,1566,1614
FNA:19,2,_ZN7testing8internal29ParseInternalRunDeathTestFlagEv
FNL:20,168,168
FNA:20,0,_ZN7testing14ExitedWithCodeC2Ei
FNL:21,171,181
FNA:21,0,_ZNK7testing14ExitedWithCodeclEi
FNL:22,185,185
FNA:22,0,_ZN7testing14KilledBySignalC2Ei
FNL:23,188,198
FNA:23,0,_ZNK7testing14KilledBySignalclEi
FNL:24,207,229
FNA:24,0,_ZN7testing8internalL11ExitSummaryEi
FNL:25,233,235
FNA:25,0,_ZN7testing8internal20ExitedUnsuccessfullyEi
FNL:26,242,257
FNA:26,0,_ZN7testing8internalL22DeathTestThreadWarningEm
FNL:27,287,304
FNA:27,0,_ZN7testing8internalL14DeathTestAbortERKNSt7__cxx1112basic_stringIcSt11char_traitsIcESaIcEEE
FNL:28,340,342
FNA:28,0,_ZN7testing8internal23GetLastErrnoDescriptionB5cxx11Ev
FNL:29,348,367
FNA:29,0,_ZN7testing8internalL21FailFromInternalErrorEi
FNL:30,371,378
FNA:30,0,_ZN7testing8internal9DeathTestC2Ev
FNL:31,382,387
FNA:31,0,_ZN7testing8internal9DeathTest6CreateEPKcNS_7MatcherIRKNSt7__cxx1112basic_stringIcSt11char_traitsIcESaIcEEEEES3_iPPS1_
FNL:32,389,391
FNA:32,0,_ZN7testing8internal9DeathTest11LastMessageEv
FNL:33,393,395
FNA:33,0,_ZN7testing8internal9DeathTest27set_last_death_test_messageERKNSt7__cxx1112basic_stringIcSt11char_traitsIcESaIcEEE
FNL:34,402,409
FNA:34,0,_ZN7testing8internal13DeathTestImplC2EPKcNS_7MatcherIRKNSt7__cxx1112basic_stringIcSt11char_traitsIcESaIcEEEEE
FNL:35,412,412
FNA:35,0,_ZN7testing8internal13DeathTestImplD0Ev
FNA:35,0,_ZN7testing8internal13DeathTestImplD2Ev
FNL:36,417,417
FNA:36,0,_ZNK7testing8internal13DeathTestImpl9statementEv
FNL:37,418,418
FNA:37,0,_ZNK7testing8internal13DeathTestImpl7spawnedEv
FNL:38,419,419
FNA:38,0,_ZN7testing8internal13DeathTestImpl11set_spawnedEb
FNL:39,420,420
FNA:39,0,_ZNK7testing8internal13DeathTestImpl6statusEv
FNL:40,421,421
FNA:40,0,_ZN7testing8internal13DeathTestImpl10set_statusEi
FNL:41,422,422
FNA:41,0,_ZNK7testing8internal13DeathTestImpl7outcomeEv
FNL:42,423,423
FNA:42,0,_ZN7testing8internal13DeathTestImpl11set_outcomeENS0_16DeathTestOutcomeE
FNL:43,424,424
FNA:43,0,_ZNK7testing8internal13DeathTestImpl7read_fdEv
FNL:44,425,425
FNA:44,0,_ZN7testing8internal13DeathTestImpl11set_read_fdEi
FNL:45,426,426
FNA:45,0,_ZNK7testing8internal13DeathTestImpl8write_fdEv
FNL:46,427,427
FNA:46,0,_ZN7testing8internal13DeathTestImpl12set_write_fdEi
FNL:47,464,503
FNA:47,0,_ZN7testing8internal13DeathTestImpl26ReadAndInterpretStatusByteEv
FNL:48,505,505
FNA:48,0,_ZN7testing8internal13DeathTestImpl12GetErrorLogsB5cxx11Ev
FNL:49,511,529
FNA:49,0,_ZN7testing8internal13DeathTestImpl5AbortENS0_9DeathTest11AbortReasonE
FNL:50,534,547
FNA:50,0,_ZN7testing8internalL21FormatDeathTestOutputERKNSt7__cxx1112basic_stringIcSt11char_traitsIcESaIcEEE
FNL:51,570,622
FNA:51,0,_ZN7testing8internal13DeathTestImpl6PassedEb
FNF:52
FNH:1
DA:149,0
DA:158,0
DA:159,0
DA:161,0
DA:168,0
DA:171,0
DA:178,0
DA:185,0
DA:188,0
DA:197,0
DA:207,0
DA:208,0
DA:216,0
DA:217,0
DA:218,0
DA:219,0
DA:222,0
DA:223,0
DA:228,0
DA:229,0
DA:233,0
DA:234,0
DA:242,0
DA:243,0
DA:244,0
DA:245,0
DA:246,0
DA:247,0
DA:249,0
DA:253,0
DA:254,0
DA:255,0
DA:256,0
DA:257,0
DA:287,0
DA:292,0
DA:293,0
DA:294,0
DA:295,0
DA:296,0
DA:297,0
DA:298,0
DA:300,0
DA:301,0
DA:302,0
DA:340,0
DA:341,0
DA:348,0
DA:349,0
DA:354,0
DA:355,0
DA:356,0
DA:358,0
DA:360,0
DA:361,0
DA:363,0
DA:364,0
DA:365,0
DA:367,0
DA:371,0
DA:372,0
DA:373,0
DA:374,0
DA:378,0
DA:382,0
DA:385,0
DA:386,0
DA:389,0
DA:390,0
DA:393,0
DA:394,0
DA:395,0
DA:402,0
DA:403,0
DA:404,0
DA:405,0
DA:406,0
DA:407,0
DA:408,0
DA:409,0
DA:412,0
DA:417,0
DA:418,0
DA:419,0
DA:420,0
DA:421,0
DA:422,0
DA:423,0
DA:424,0
DA:425,0
DA:426,0
DA:427,0
DA:464,0
DA:473,0
DA:474,0
DA:476,0
DA:477,0
DA:478,0
DA:479,0
DA:480,0
DA:481,0
DA:482,0
DA:483,0
DA:484,0
DA:485,0
DA:486,0
DA:487,0
DA:488,0
DA:489,0
DA:490,0
DA:491,0
DA:492,0
DA:493,0
DA:494,0
DA:495,0
DA:498,0
DA:499,0
DA:501,0
DA:502,0
DA:503,0
DA:505,0
DA:511,0
DA:515,0
DA:519,0
DA:528,0
DA:534,0
DA:535,0
DA:536,0
DA:537,0
DA:538,0
DA:539,0
DA:540,0
DA:541,0
DA:543,0
DA:544,0
DA:545,0
DA:546,0
DA:547,0
DA:570,0
DA:571,0
DA:573,0
DA:575,0
DA:576,0
DA:578,0
DA:579,0
DA:580,0
DA:581,0
DA:582,0
DA:583,0
DA:584,0
DA:585,0
DA:586,0
DA:587,0
DA:588,0
DA:589,0
DA:590,0
DA:591,0
DA:592,0
DA:593,0
DA:594,0
DA:595,0
DA:596,0
DA:597,0
DA:598,0
DA:600,0
DA:601,0
DA:602,0
DA:603,0
DA:604,0
DA:605,0
DA:606,0
DA:608,0
DA:609,0
DA:610,0
DA:611,0
DA:613,0
DA:614,0
DA:616,0
DA:617,0
DA:620,0
DA:621,0
DA:622,0
DA:1068,0
DA:1076,0
DA:1077,0
DA:1078,0
DA:1083,0
DA:1084,0
DA:1086,0
DA:1089,0
DA:1090,0
DA:1091,0
DA:1098,0
DA:1099,0
DA:1105,0
DA:1106,0
DA:1107,0
DA:1108,0
DA:1112,0
DA:1114,0
DA:1115,0
DA:1123,0
DA:1125,0
DA:1126,0
DA:1127,0
DA:1128,0
DA:1129,0
DA:1130,0
DA:1134,0
DA:1137,0
DA:1138,0
DA:1139,0
DA:1141,0
DA:1142,0
DA:1143,0
DA:1144,0
DA:1153,0
DA:1155,0
DA:1156,0
DA:1157,0
DA:1161,0
DA:1162,0
DA:1168,0
DA:1179,0
DA:1181,0
DA:1182,0
DA:1183,0
DA:1184,0
DA:1186,0
DA:1187,0
DA:1188,0
DA:1189,0
DA:1192,0
DA:1193,0
DA:1194,0
DA:1195,0
DA:1197,0
DA:1198,0
DA:1217,0
DA:1218,0
DA:1219,0
DA:1225,0
DA:1227,0
DA:1228,0
DA:1229,0
DA:1230,0
DA:1238,0
DA:1239,0
DA:1240,0
DA:1241,0
DA:1265,0
DA:1266,0
DA:1267,0
DA:1268,0
DA:1273,0
DA:1274,0
DA:1276,0
DA:1277,0
DA:1288,0
DA:1289,0
DA:1290,0
DA:1329,0
DA:1330,0
DA:1331,0
DA:1332,0
DA:1337,0
DA:1339,0
DA:1340,0
DA:1341,0
DA:1343,0
DA:1345,0
DA:1353,0
DA:1354,0
DA:1355,0
DA:1356,0
DA:1357,0
DA:1361,0
DA:1363,0
DA:1369,0
DA:1370,0
DA:1371,0
DA:1375,0
DA:1379,0
DA:1380,0
DA:1387,0
DA:1388,0
DA:1390,0
DA:1391,0
DA:1392,0
DA:1394,0
DA:1395,0
DA:1396,0
DA:1400,0
DA:1403,0
DA:1405,0
DA:1406,0
DA:1407,0
DA:1408,0
DA:1409,0
DA:1410,0
DA:1411,0
DA:1412,0
DA:1413,0
DA:1414,0
DA:1415,0
DA:1416,0
DA:1418,0
DA:1420,0
DA:1423,0
DA:1425,0
DA:1426,0
DA:1427,0
DA:1428,0
DA:1429,0
DA:1430,0
DA:1431,0
DA:1440,0
DA:1444,0
DA:1446,0
DA:1448,0
DA:1450,0
DA:1451,0
DA:1452,0
DA:1453,0
DA:1454,0
DA:1455,0
DA:1456,0
DA:1459,0
DA:1460,0
DA:1461,0
DA:1462,0
DA:1482,0
DA:1483,0
DA:1484,0
DA:1485,0
DA:1491,0
DA:1492,0
DA:1493,0
DA:1494,0
DA:1497,0
DA:1566,2
DA:1567,2
DA:1571,0
DA:1572,0
DA:1573,0
DA:1574,0
DA:1575,0
DA:1604,0
DA:1605,0
DA:1606,0
DA:1607,0
DA:1608,0
DA:1613,0
DA:1614,0
LF:354
LH:2
end_of_record
TN:
SF:/home/kali/IE0417_optativa/laboratorio-testing/build/_deps/googletest-src/googletest/src/gtest-filepath.cc
FNL:0,123,130
FNA:0,0,_ZNK7testing8internal8FilePath15RemoveExtensionEPKc
FNL:1,135,146
FNA:1,1,_ZNK7testing8internal8FilePath21FindLastPathSeparatorEv
FNL:2,154,157
FNA:2,0,_ZNK7testing8internal8FilePath19RemoveDirectoryNameEv
FNL:3,165,174
FNA:3,1,_ZNK7testing8internal8FilePath14RemoveFileNameEv
FNL:4,182,193
FNA:4,0,_ZN7testing8internal8FilePath12MakeFileNameERKS1_S3_iPKc
FNL:5,197,202
FNA:5,0,_ZN7testing8internal8FilePath11ConcatPathsERKS1_S3_
FNL:6,206,216
FNA:6,0,_ZNK7testing8internal8FilePath21FileOrDirectoryExistsEv
FNL:7,220,246
FNA:7,1,_ZNK7testing8internal8FilePath15DirectoryExistsEv
FNL:8,250,256
FNA:8,0,_ZNK7testing8internal8FilePath15IsRootDirectoryEv
FNL:9,259,269
FNA:9,3,_ZNK7testing8internal8FilePath14IsAbsolutePathEv
FNL:10,279,288
FNA:10,0,_ZN7testing8internal8FilePath22GenerateUniqueFileNameERKS1_S3_PKc
FNL:11,293,296
FNA:11,4,_ZNK7testing8internal8FilePath11IsDirectoryEv
FNL:12,301,312
FNA:12,1,_ZNK7testing8internal8FilePath28CreateDirectoriesRecursivelyEv
FNL:13,318,337
FNA:13,0,_ZNK7testing8internal8FilePath12CreateFolderEv
FNL:14,342,345
FNA:14,0,_ZNK7testing8internal8FilePath27RemoveTrailingPathSeparatorEv
FNL:15,350,364
FNA:15,7,_ZN7testing8internal8FilePath9NormalizeEv
FNL:16,87,93
FNA:16,520,_ZN7testing8internalL15IsPathSeparatorEc
FNL:17,96,117
FNA:17,2,_ZN7testing8internal8FilePath13GetCurrentDirEv
FNF:18
FNH:9
DA:87,520
DA:91,520
DA:96,2
DA:107,2
DA:108,2
DA:115,4
DA:123,0
DA:124,0
DA:125,0
DA:127,0
DA:129,0
DA:130,0
DA:135,1
DA:136,1
DA:145,1
DA:154,0
DA:155,0
DA:156,0
DA:165,1
DA:166,1
DA:167,1
DA:168,1
DA:169,2
DA:171,0
DA:173,2
DA:174,1
DA:182,0
DA:185,0
DA:186,0
DA:187,0
DA:190,0
DA:192,0
DA:193,0
DA:197,0
DA:199,0
DA:200,0
DA:201,0
DA:202,0
DA:206,0
DA:213,0
DA:214,0
DA:220,1
DA:221,1
DA:228,1
DA:240,1
DA:241,1
DA:242,1
DA:245,1
DA:250,0
DA:254,0
DA:259,3
DA:260,3
DA:267,3
DA:279,0
DA:282,0
DA:283,0
DA:285,0
DA:286,0
DA:287,0
DA:288,0
DA:293,4
DA:294,8
DA:295,8
DA:301,1
DA:302,1
DA:303,0
DA:306,1
DA:307,1
DA:310,0
DA:311,0
DA:312,0
DA:318,0
DA:330,0
DA:333,0
DA:334,0
DA:336,0
DA:342,0
DA:343,0
DA:344,0
DA:350,7
DA:351,7
DA:353,520
DA:354,513
DA:355,473
DA:356,73
DA:357,40
DA:359,0
DA:363,7
DA:364,7
LF:89
LH:42
end_of_record
TN:
SF:/home/kali/IE0417_optativa/laboratorio-testing/build/_deps/googletest-src/googletest/src/gtest-internal-inl.h
FNL:0,1001,1026
FNA:0,0,_ZN7testing8internal18ParseNaturalNumberIiEEbRKNSt7__cxx1112basic_stringIcSt11char_traitsIcESaIcEEEPT_
FNL:1,1061,1061
FNA:1,0,_ZN7testing8internal17StreamingListener20AbstractSocketWriterD0Ev
FNA:1,0,_ZN7testing8internal17StreamingListener20AbstractSocketWriterD2Ev
FNL:2,1067,1067
FNA:2,0,_ZN7testing8internal17StreamingListener20AbstractSocketWriter15CloseConnectionEv
FNL:3,1070,1070
FNA:3,0,_ZN7testing8internal17StreamingListener20AbstractSocketWriter6SendLnERKNSt7__cxx1112basic_stringIcSt11char_traitsIcESaIcEEE
FNL:4,1076,1079
FNA:4,0,_ZN7testing8internal17StreamingListener12SocketWriterC2ERKNSt7__cxx1112basic_stringIcSt11char_traitsIcESaIcEEESA_
FNL:5,1081,1083
FNA:5,0,_ZN7testing8internal17StreamingListener12SocketWriterD0Ev
FNA:5,0,_ZN7testing8internal17StreamingListener12SocketWriterD2Ev
FNL:6,1086,1095
FNA:6,0,_ZN7testing8internal17StreamingListener12SocketWriter4SendERKNSt7__cxx1112basic_stringIcSt11char_traitsIcESaIcEEE
FNL:7,1102,1108
FNA:7,0,_ZN7testing8internal17StreamingListener12SocketWriter15CloseConnectionEv
FNL:8,111,123
FNA:8,1,_ZN7testing8internal21GetRandomSeedFromFlagEi
FNL:9,1121,1124
FNA:9,0,_ZN7testing8internal17StreamingListenerC2ERKNSt7__cxx1112basic_stringIcSt11char_traitsIcESaIcEEES9_
FNL:10,1131,1133
FNA:10,0,_ZN7testing8internal17StreamingListener18OnTestProgramStartERKNS_8UnitTestE
FNL:11,1135,1142
FNA:11,0,_ZN7testing8internal17StreamingListener16OnTestProgramEndERKNS_8UnitTestE
FNL:12,1144,1148
FNA:12,0,_ZN7testing8internal17StreamingListener20OnTestIterationStartERKNS_8UnitTestEi
FNL:13,1150,1155
FNA:13,0,_ZN7testing8internal17StreamingListener18OnTestIterationEndERKNS_8UnitTestEi
FNL:14,1159,1161
FNA:14,0,_ZN7testing8internal17StreamingListener16OnTestSuiteStartERKNS_9TestSuiteE
FNL:15,1165,1169
FNA:15,0,_ZN7testing8internal17StreamingListener14OnTestSuiteEndERKNS_9TestSuiteE
FNL:16,1171,1173
FNA:16,0,_ZN7testing8internal17StreamingListener11OnTestStartERKNS_8TestInfoE
FNL:17,1175,1179
FNA:17,0,_ZN7testing8internal17StreamingListener9OnTestEndERKNS_8TestInfoE
FNL:18,1181,1187
FNA:18,0,_ZN7testing8internal17StreamingListener16OnTestPartResultERKNS_14TestPartResultE
FNL:19,1191,1191
FNA:19,0,_ZN7testing8internal17StreamingListener6SendLnERKNSt7__cxx1112basic_stringIcSt11char_traitsIcESaIcEEE
FNL:20,1195,1195
FNA:20,0,_ZN7testing8internal17StreamingListener5StartEv
FNL:21,1197,1197
FNA:21,0,_ZN7testing8internal17StreamingListener10FormatBoolB5cxx11Eb
FNL:22,128,134
FNA:22,0,_ZN7testing8internal17GetNextRandomSeedEi
FNL:23,141,164
FNA:23,41,_ZN7testing8internal14GTestFlagSaverC2Ev
FNL:24,167,190
FNA:24,41,_ZN7testing8internal14GTestFlagSaverD2Ev
FNL:25,273,281
FNA:25,289,_ZN7testing8internal7CountIfISt6vectorINS_14TestPartResultESaIS3_EEPFbRKS3_EEEiRKT_T0_
FNA:25,30,_ZN7testing8internal7CountIfISt6vectorIPNS_8TestInfoESaIS4_EEPFbPKS3_EEEiRKT_T0_
FNA:25,4,_ZN7testing8internal7CountIfISt6vectorIPNS_9TestSuiteESaIS4_EEPFbPKS3_EEEiRKT_T0_
FNL:26,285,287
FNA:26,3,_ZN7testing8internal7ForEachISt6vectorIPNS_11EnvironmentESaIS4_EEPFvS4_EEEvRKT_T0_
FNA:26,2,_ZN7testing8internal7ForEachISt6vectorIPNS_17TestEventListenerESaIS4_EEPFvS4_EEEvRKT_T0_
FNA:26,9,_ZN7testing8internal7ForEachISt6vectorIPNS_8TestInfoESaIS4_EEPFvS4_EEEvRKT_T0_
FNA:26,3,_ZN7testing8internal7ForEachISt6vectorIPNS_9TestSuiteESaIS4_EEPFvS4_EEEvRKT_T0_
FNL:27,292,295
FNA:27,126,_ZN7testing8internal12GetElementOrIiEET_RKSt6vectorIS2_SaIS2_EEiS2_
FNL:28,302,322
FNA:28,0,_ZN7testing8internal12ShuffleRangeIiEEvPNS0_6RandomEiiPSt6vectorIT_SaIS5_EE
FNL:29,326,328
FNA:29,0,_ZN7testing8internal7ShuffleIiEEvPNS0_6RandomEPSt6vectorIT_SaIS5_EE
FNL:30,333,335
FNA:30,0,_ZN7testing8internalL6DeleteINS_11EnvironmentEEEvPT_
FNA:30,3,_ZN7testing8internalL6DeleteINS_17TestEventListenerEEEvPT_
FNA:30,82,_ZN7testing8internalL6DeleteINS_8TestInfoEEEvPT_
FNA:30,6,_ZN7testing8internalL6DeleteINS_9TestSuiteEEEvPT_
FNL:31,345,345
FNA:31,0,_ZN7testing8internal17TestPropertyKeyIsC2ERKNSt7__cxx1112basic_stringIcSt11char_traitsIcESaIcEEE
FNL:32,348,350
FNA:32,0,_ZNK7testing8internal17TestPropertyKeyIsclERKNS_12TestPropertyE
FNL:33,406,406
FNA:33,1,_ZN7testing8internal27OsStackTraceGetterInterfaceC2Ev
FNL:34,407,407
FNA:34,0,_ZN7testing8internal27OsStackTraceGetterInterfaceD0Ev
FNA:34,1,_ZN7testing8internal27OsStackTraceGetterInterfaceD2Ev
FNL:35,435,435
FNA:35,1,_ZN7testing8internal18OsStackTraceGetterC2Ev
FNL:36,569,569
FNA:36,0,_ZNK7testing8internal12UnitTestImpl15start_timestampEv
FNL:37,572,572
FNA:37,1,_ZNK7testing8internal12UnitTestImpl12elapsed_timeEv
FNL:38,576,576
FNA:38,2,_ZNK7testing8internal12UnitTestImpl6PassedEv
FNL:39,580,582
FNA:39,2,_ZNK7testing8internal12UnitTestImpl6FailedEv
FNL:40,586,589
FNA:40,0,_ZNK7testing8internal12UnitTestImpl12GetTestSuiteEi
FNL:41,593,593
FNA:41,0,_ZNK7testing8internal12UnitTestImpl11GetTestCaseEi
FNL:42,598,601
FNA:42,3,_ZN7testing8internal12UnitTestImpl19GetMutableSuiteCaseEi
FNL:43,604,604
FNA:43,48,_ZN7testing8internal12UnitTestImpl9listenersEv
FNL:44,611,611
FNA:44,2,_ZNK7testing8internal12UnitTestImpl18ad_hoc_test_resultEv
FNL:45,668,689
FNA:45,82,_ZN7testing8internal12UnitTestImpl11AddTestInfoEPFvvES3_PNS_8TestInfoE
FNL:46,693,695
FNA:46,0,_ZN7testing8internal12UnitTestImpl27parameterized_test_registryEv
FNL:47,697,699
FNA:47,2,_ZN7testing8internal12UnitTestImpl33ignored_parameterized_test_suitesB5cxx11Ev
FNL:48,704,706
FNA:48,0,_ZN7testing8internal12UnitTestImpl32type_parameterized_test_registryEv
FNL:49,709,711
FNA:49,6,_ZN7testing8internal12UnitTestImpl22set_current_test_suiteEPNS_9TestSuiteE
FNL:50,716,718
FNA:50,82,_ZN7testing8internal12UnitTestImpl21set_current_test_infoEPNS_8TestInfoE
FNL:51,735,737
FNA:51,1,_ZN7testing8internal12UnitTestImpl23ClearNonAdHocTestResultEv
FNL:52,761,761
FNA:52,41,_ZNK7testing8internal12UnitTestImpl18current_test_suiteEv
FNL:53,762,762
FNA:53,41,_ZN7testing8internal12UnitTestImpl17current_test_infoEv
FNL:54,763,763
FNA:54,0,_ZNK7testing8internal12UnitTestImpl17current_test_infoEv
FNL:55,767,767
FNA:55,0,_ZN7testing8internal12UnitTestImpl12environmentsEv
FNL:56,770,772
FNA:56,0,_ZN7testing8internal12UnitTestImpl17gtest_trace_stackEv
FNL:57,778,780
FNA:57,2,_ZN7testing8internal12UnitTestImpl34InitDeathTestSubprocessControlInfoEv
FNL:58,785,787
FNA:58,0,_ZNK7testing8internal12UnitTestImpl28internal_run_death_test_flagEv
FNL:59,790,792
FNA:59,0,_ZN7testing8internal12UnitTestImpl18death_test_factoryEv
FNL:60,817,817
FNA:60,0,_ZNK7testing8internal12UnitTestImpl11random_seedEv
FNL:61,820,820
FNA:61,0,_ZN7testing8internal12UnitTestImpl6randomEv
FNL:62,831,831
FNA:62,213,_ZNK7testing8internal12UnitTestImpl16catch_exceptionsEv
FNL:63,838,838
FNA:63,2,_ZN7testing8internal12UnitTestImpl20set_catch_exceptionsEb
FNL:64,960,962
FNA:64,589,_ZN7testing8internal15GetUnitTestImplEv
FNF:65
FNH:27
DA:111,1
DA:113,1
DA:114,1
DA:118,1
DA:119,1
DA:122,1
DA:128,0
DA:129,0
DA:130,0
DA:131,0
DA:132,0
DA:133,0
DA:141,41
DA:142,41
DA:143,41
DA:144,41
DA:145,41
DA:146,41
DA:147,41
DA:148,41
DA:149,41
DA:150,41
DA:151,41
DA:152,41
DA:153,41
DA:154,41
DA:155,41
DA:156,41
DA:157,41
DA:158,41
DA:160,41
DA:161,41
DA:162,41
DA:163,41
DA:164,41
DA:167,41
DA:168,41
DA:169,41
DA:170,41
DA:171,41
DA:172,41
DA:173,41
DA:174,41
DA:175,41
DA:176,41
DA:177,41
DA:178,41
DA:179,41
DA:180,41
DA:181,41
DA:182,41
DA:183,41
DA:184,41
DA:186,41
DA:187,41
DA:188,41
DA:189,41
DA:190,41
DA:273,323
DA:276,323
DA:277,745
DA:278,422
DA:280,323
DA:285,17
DA:286,17
DA:287,17
DA:292,126
DA:293,252
DA:294,252
DA:302,0
DA:304,0
DA:305,0
DA:306,0
DA:307,0
DA:308,0
DA:309,0
DA:310,0
DA:314,0
DA:315,0
DA:316,0
DA:318,0
DA:319,0
DA:320,0
DA:322,0
DA:326,0
DA:327,0
DA:328,0
DA:333,91
DA:334,91
DA:335,91
DA:345,0
DA:348,0
DA:349,0
DA:406,1
DA:407,1
DA:435,1
DA:569,0
DA:572,1
DA:576,2
DA:580,2
DA:581,2
DA:586,0
DA:587,0
DA:588,0
DA:593,0
DA:598,3
DA:599,3
DA:600,3
DA:604,48
DA:611,2
DA:668,82
DA:679,82
DA:680,2
DA:681,2
DA:682,0
DA:688,82
DA:689,82
DA:693,0
DA:694,0
DA:697,2
DA:698,2
DA:704,0
DA:705,0
DA:709,6
DA:710,6
DA:711,6
DA:716,82
DA:717,82
DA:718,82
DA:735,1
DA:736,1
DA:737,1
DA:761,41
DA:762,41
DA:763,0
DA:767,0
DA:770,0
DA:771,0
DA:778,2
DA:779,2
DA:780,2
DA:785,0
DA:786,0
DA:790,0
DA:791,0
DA:817,0
DA:820,0
DA:831,213
DA:838,2
DA:960,589
DA:961,589
DA:1001,0
DA:1005,0
DA:1006,0
DA:1008,0
DA:1015,0
DA:1016,0
DA:1018,0
DA:1020,0
DA:1021,0
DA:1022,0
DA:1023,0
DA:1025,0
DA:1061,0
DA:1067,0
DA:1070,0
DA:1076,0
DA:1077,0
DA:1078,0
DA:1079,0
DA:1081,0
DA:1082,0
DA:1083,0
DA:1086,0
DA:1087,0
DA:1088,0
DA:1090,0
DA:1091,0
DA:1092,0
DA:1093,0
DA:1095,0
DA:1102,0
DA:1103,0
DA:1104,0
DA:1106,0
DA:1107,0
DA:1108,0
DA:1121,0
DA:1122,0
DA:1123,0
DA:1124,0
DA:1131,0
DA:1132,0
DA:1133,0
DA:1135,0
DA:1138,0
DA:1141,0
DA:1142,0
DA:1144,0
DA:1146,0
DA:1147,0
DA:1148,0
DA:1150,0
DA:1152,0
DA:1153,0
DA:1154,0
DA:1155,0
DA:1159,0
DA:1160,0
DA:1161,0
DA:1165,0
DA:1166,0
DA:1167,0
DA:1168,0
DA:1169,0
DA:1171,0
DA:1172,0
DA:1173,0
DA:1175,0
DA:1176,0
DA:1177,0
DA:1178,0
DA:1179,0
DA:1181,0
DA:1182,0
DA:1183,0
DA:1184,0
DA:1185,0
DA:1186,0
DA:1187,0
DA:1191,0
DA:1195,0
DA:1197,0
LF:233
LH:104
end_of_record
TN:
SF:/home/kali/IE0417_optativa/laboratorio-testing/build/_deps/googletest-src/googletest/src/gtest-matchers.cc
FNL:0,46,46
FNA:0,0,_ZN7testing7MatcherIRKNSt7__cxx1112basic_stringIcSt11char_traitsIcESaIcEEEEC2ES8_
FNL:1,50,52
FNA:1,0,_ZN7testing7MatcherIRKNSt7__cxx1112basic_stringIcSt11char_traitsIcESaIcEEEEC2EPKc
FNL:2,56,56
FNA:2,0,_ZN7testing7MatcherINSt7__cxx1112basic_stringIcSt11char_traitsIcESaIcEEEEC2ERKS6_
FNL:3,60,60
FNA:3,0,_ZN7testing7MatcherINSt7__cxx1112basic_stringIcSt11char_traitsIcESaIcEEEEC2EPKc
FNL:4,65,67
FNA:4,0,_ZN7testing7MatcherIRKSt17basic_string_viewIcSt11char_traitsIcEEEC2ERKNSt7__cxx1112basic_stringIcS3_SaIcEEE
FNL:5,71,73
FNA:5,0,_ZN7testing7MatcherIRKSt17basic_string_viewIcSt11char_traitsIcEEEC2EPKc
FNL:6,77,79
FNA:6,0,_ZN7testing7MatcherIRKSt17basic_string_viewIcSt11char_traitsIcEEEC2ES4_
FNL:7,83,83
FNA:7,0,_ZN7testing7MatcherISt17basic_string_viewIcSt11char_traitsIcEEEC2ERKNSt7__cxx1112basic_stringIcS3_SaIcEEE
FNL:8,87,89
FNA:8,0,_ZN7testing7MatcherISt17basic_string_viewIcSt11char_traitsIcEEEC2EPKc
FNL:9,93,95
FNA:9,0,_ZN7testing7MatcherISt17basic_string_viewIcSt11char_traitsIcEEEC2ES4_
FNF:10
FNH:0
DA:46,0
DA:50,0
DA:51,0
DA:52,0
DA:56,0
DA:60,0
DA:65,0
DA:66,0
DA:67,0
DA:71,0
DA:72,0
DA:73,0
DA:77,0
DA:78,0
DA:79,0
DA:83,0
DA:87,0
DA:88,0
DA:89,0
DA:93,0
DA:94,0
DA:95,0
LF:22
LH:0
end_of_record
TN:
SF:/home/kali/IE0417_optativa/laboratorio-testing/build/_deps/googletest-src/googletest/src/gtest-port.cc
FNL:0,1007,1016
FNA:0,0,_ZN7testing8internal8GTestLogC2ENS0_16GTestLogSeverityEPKci
FNL:1,1019,1025
FNA:1,0,_ZN7testing8internal8GTestLogD2Ev
FNL:2,1037,1113
FNA:2,0,_ZN7testing8internal14CapturedStreamC2Ei
FNL:3,110,114
FNA:3,0,_ZN7testing8internal14GetThreadCountEv
FNL:4,1115,1115
FNA:4,0,_ZN7testing8internal14CapturedStreamD2Ev
FNL:5,1117,1134
FNA:5,0,_ZN7testing8internal14CapturedStream17GetCapturedStringB5cxx11Ev
FNL:6,1152,1159
FNA:6,0,_ZN7testing8internalL13CaptureStreamEiPKcPPNS0_14CapturedStreamE
FNL:7,1162,1169
FNA:7,0,_ZN7testing8internalL17GetCapturedStreamEPPNS0_14CapturedStreamE
FNL:8,1181,1183
FNA:8,0,_ZN7testing8internal13CaptureStdoutEv
FNL:9,1186,1188
FNA:9,0,_ZN7testing8internal13CaptureStderrEv
FNL:10,1191,1193
FNA:10,0,_ZN7testing8internal17GetCapturedStdoutB5cxx11Ev
FNL:11,1196,1198
FNA:11,0,_ZN7testing8internal17GetCapturedStderrB5cxx11Ev
FNL:12,1202,1205
FNA:12,0,_ZN7testing8internal11GetFileSizeEP8_IO_FILE
FNL:13,1207,1228
FNA:13,0,_ZN7testing8internal14ReadEntireFileB5cxx11EP8_IO_FILE
FNL:14,1234,1239
FNA:14,0,_ZN7testing8internal18GetInjectableArgvsB5cxx11Ev
FNL:15,1241,1244
FNA:15,0,_ZN7testing8internal18SetInjectableArgvsEPKSt6vectorINSt7__cxx1112basic_stringIcSt11char_traitsIcESaIcEEESaIS7_EE
FNL:16,1246,1249
FNA:16,0,_ZN7testing8internal18SetInjectableArgvsERKSt6vectorINSt7__cxx1112basic_stringIcSt11char_traitsIcESaIcEEESaIS7_EE
FNL:17,1251,1254
FNA:17,0,_ZN7testing8internal20ClearInjectableArgvsEv
FNL:18,1269,1279
FNA:18,42,_ZN7testing8internalL12FlagToEnvVarEPKc
FNL:19,1284,1320
FNA:19,0,_ZN7testing8internal10ParseInt32ERKNS_7MessageEPKcPi
FNL:20,1326,1335
FNA:20,24,_ZN7testing8internal16BoolFromGTestEnvEPKcb
FNL:21,1340,1362
FNA:21,6,_ZN7testing8internal17Int32FromGTestEnvEPKci
FNL:22,1372,1379
FNA:22,2,_ZN7testing8internal25OutputFlagAlsoCheckEnvVarB5cxx11Ev
FNL:23,1383,1391
FNA:23,12,_ZN7testing8internal18StringFromGTestEnvEPKcS2_
FNL:24,662,672
FNA:24,0,_ZN7testing8internal2RED2Ev
FNL:25,675,680
FNA:25,0,_ZN7testing8internal2RE9FullMatchEPKcRKS1_
FNL:26,684,689
FNA:26,0,_ZN7testing8internal2RE12PartialMatchEPKcRKS1_
FNL:27,692,719
FNA:27,0,_ZN7testing8internal2RE4InitEPKc
FNL:28,97,106
FNA:28,0,_ZN7testing8internal12_GLOBAL__N_117ReadProcFileFieldImEET_RKNSt7__cxx1112basic_stringIcSt11char_traitsIcESaIcEEEi
FNL:29,979,990
FNA:29,0,_ZN7testing8internal18FormatFileLocationB5cxx11EPKci
FNL:30,997,1005
FNA:30,0,_ZN7testing8internal37FormatCompilerIndependentFileLocationB5cxx11EPKci
FNF:31
FNH:5
DA:97,0
DA:98,0
DA:99,0
DA:100,0
DA:101,0
DA:103,0
DA:104,0
DA:105,0
DA:106,0
DA:110,0
DA:112,0
DA:113,0
DA:114,0
DA:662,0
DA:663,0
DA:668,0
DA:669,0
DA:671,0
DA:672,0
DA:675,0
DA:676,0
DA:679,0
DA:684,0
DA:685,0
DA:688,0
DA:692,0
DA:693,0
DA:697,0
DA:698,0
DA:700,0
DA:701,0
DA:710,0
DA:711,0
DA:712,0
DA:714,0
DA:715,0
DA:716,0
DA:718,0
DA:719,0
DA:979,0
DA:980,0
DA:982,0
DA:983,0
DA:988,0
DA:990,0
DA:997,0
DA:999,0
DA:1001,0
DA:1002,0
DA:1004,0
DA:1005,0
DA:1007,0
DA:1008,0
DA:1009,0
DA:1013,0
DA:1014,0
DA:1015,0
DA:1016,0
DA:1019,0
DA:1020,0
DA:1021,0
DA:1022,0
DA:1023,0
DA:1025,0
DA:1037,0
DA:1055,0
DA:1092,0
DA:1094,0
DA:1102,0
DA:1103,0
DA:1104,0
DA:1106,0
DA:1108,0
DA:1110,0
DA:1111,0
DA:1112,0
DA:1113,0
DA:1115,0
DA:1117,0
DA:1118,0
DA:1120,0
DA:1121,0
DA:1122,0
DA:1123,0
DA:1126,0
DA:1127,0
DA:1128,0
DA:1129,0
DA:1131,0
DA:1132,0
DA:1133,0
DA:1134,0
DA:1152,0
DA:1154,0
DA:1155,0
DA:1156,0
DA:1158,0
DA:1159,0
DA:1162,0
DA:1163,0
DA:1165,0
DA:1166,0
DA:1168,0
DA:1181,0
DA:1182,0
DA:1183,0
DA:1186,0
DA:1187,0
DA:1188,0
DA:1191,0
DA:1192,0
DA:1196,0
DA:1197,0
DA:1202,0
DA:1203,0
DA:1204,0
DA:1207,0
DA:1208,0
DA:1209,0
DA:1211,0
DA:1212,0
DA:1214,0
DA:1220,0
DA:1221,0
DA:1222,0
DA:1224,0
DA:1225,0
DA:1227,0
DA:1234,0
DA:1235,0
DA:1236,0
DA:1238,0
DA:1241,0
DA:1242,0
DA:1243,0
DA:1244,0
DA:1246,0
DA:1247,0
DA:1248,0
DA:1249,0
DA:1251,0
DA:1252,0
DA:1253,0
DA:1254,0
DA:1269,42
DA:1271,42
DA:1273,42
DA:1274,870
DA:1275,828
DA:1278,84
DA:1279,42
DA:1284,0
DA:1286,0
DA:1287,0
DA:1290,0
DA:1292,0
DA:1293,0
DA:1294,0
DA:1295,0
DA:1296,0
DA:1297,0
DA:1298,0
DA:1299,0
DA:1302,0
DA:1303,0
DA:1306,0
DA:1309,0
DA:1310,0
DA:1311,0
DA:1312,0
DA:1313,0
DA:1314,0
DA:1315,0
DA:1316,0
DA:1318,0
DA:1319,0
DA:1326,24
DA:1330,24
DA:1331,24
DA:1332,24
DA:1333,24
DA:1335,24
DA:1340,6
DA:1344,6
DA:1345,6
DA:1346,6
DA:1348,6
DA:1351,0
DA:1352,0
DA:1354,0
DA:1355,0
DA:1356,0
DA:1357,0
DA:1360,0
DA:1362,6
DA:1372,2
DA:1373,2
DA:1374,2
DA:1375,2
DA:1376,0
DA:1378,2
DA:1379,0
[...]
FNL:9,243,243
FNA:9,0,_ZNSt10_Head_baseILm0EPKN7testing8internal11MatcherBaseINSt7__cxx1112basic_stringIcSt11char_traitsIcESaIcEEEEELb0EE7_M_headERSC_
FNA:9,0,_ZNSt10_Head_baseILm0EPKN7testing8internal11MatcherBaseIRKNSt7__cxx1112basic_stringIcSt11char_traitsIcESaIcEEEEELb0EE7_M_headERSE_
FNA:9,0,_ZNSt10_Head_baseILm0EPKN7testing8internal11MatcherBaseIRKSt17basic_string_viewIcSt11char_traitsIcEEEELb0EE7_M_headERSC_
FNA:9,0,_ZNSt10_Head_baseILm0EPKN7testing8internal11MatcherBaseISt17basic_string_viewIcSt11char_traitsIcEEEELb0EE7_M_headERSA_
FNA:9,340,_ZNSt10_Head_baseILm0EPKNSt7__cxx1112basic_stringIcSt11char_traitsIcESaIcEEELb0EE7_M_headERS8_
FNA:9,4,_ZNSt10_Head_baseILm0EPN7testing8internal11ThreadLocalIPNS0_31TestPartResultReporterInterfaceEE18ValueHolderFactoryELb0EE7_M_headERS8_
FNA:9,4,_ZNSt10_Head_baseILm0EPN7testing8internal11ThreadLocalISt6vectorINS1_9TraceInfoESaIS4_EEE18ValueHolderFactoryELb0EE7_M_headERSA_
FNA:9,82,_ZNSt10_Head_baseILm0EPN7testing8internal14GTestFlagSaverELb0EE7_M_headERS4_
FNA:9,4,_ZNSt10_Head_baseILm0EPN7testing8internal16DeathTestFactoryELb0EE7_M_headERS4_
FNA:9,0,_ZNSt10_Head_baseILm0EPN7testing8internal17StreamingListener20AbstractSocketWriterELb0EE7_M_headERS5_
FNA:9,6,_ZNSt10_Head_baseILm0EPN7testing8internal24InternalRunDeathTestFlagELb0EE7_M_headERS4_
FNA:9,53,_ZNSt10_Head_baseILm0EPNSt7__cxx1112basic_stringIcSt11char_traitsIcESaIcEEELb0EE7_M_headERS7_
FNA:9,554,_ZNSt10_Head_baseILm0EPNSt7__cxx1118basic_stringstreamIcSt11char_traitsIcESaIcEEELb0EE7_M_headERS7_
FNA:9,0,_ZNSt10_Head_baseILm0ERKNSt7__cxx1112basic_stringIcSt11char_traitsIcESaIcEEELb0EE7_M_headERS8_
FNL:10,2434,2435
FNA:10,211,_ZSt12__get_helperILm0EPKNSt7__cxx1112basic_stringIcSt11char_traitsIcESaIcEEEJSt14default_deleteIS6_EEERKT0_RKSt11_Tuple_implIXT_EJSA_DpT1_EE
FNA:10,0,_ZSt12__get_helperILm0EPN7testing8internal11ThreadLocalIPNS0_31TestPartResultReporterInterfaceEE18ValueHolderFactoryEJSt14default_deleteIS6_EEERKT0_RKSt11_Tuple_implIXT_EJSA_DpT1_EE
FNA:10,0,_ZSt12__get_helperILm0EPN7testing8internal11ThreadLocalISt6vectorINS1_9TraceInfoESaIS4_EEE18ValueHolderFactoryEJSt14default_deleteIS8_EEERKT0_RKSt11_Tuple_implIXT_EJSC_DpT1_EE
FNA:10,0,_ZSt12__get_helperILm0EPN7testing8internal16DeathTestFactoryEJSt14default_deleteIS2_EEERKT0_RKSt11_Tuple_implIXT_EJS6_DpT1_EE
FNA:10,0,_ZSt12__get_helperILm0EPN7testing8internal17StreamingListener20AbstractSocketWriterEJSt14default_deleteIS3_EEERKT0_RKSt11_Tuple_implIXT_EJS7_DpT1_EE
FNA:10,4,_ZSt12__get_helperILm0EPN7testing8internal24InternalRunDeathTestFlagEJSt14default_deleteIS2_EEERKT0_RKSt11_Tuple_implIXT_EJS6_DpT1_EE
FNA:10,0,_ZSt12__get_helperILm0EPNSt7__cxx1112basic_stringIcSt11char_traitsIcESaIcEEEJSt14default_deleteIS5_EEERKT0_RKSt11_Tuple_implIXT_EJS9_DpT1_EE
FNA:10,5667,_ZSt12__get_helperILm0EPNSt7__cxx1118basic_stringstreamIcSt11char_traitsIcESaIcEEEJSt14default_deleteIS5_EEERKT0_RKSt11_Tuple_implIXT_EJS9_DpT1_EE
FNL:11,2445,2446
FNA:11,340,_ZSt3getILm0EJPKNSt7__cxx1112basic_stringIcSt11char_traitsIcESaIcEEESt14default_deleteIS6_EEERNSt13tuple_elementIXT_ESt5tupleIJDpT0_EEE4typeERSE_
FNA:11,4,_ZSt3getILm0EJPN7testing8internal11ThreadLocalIPNS0_31TestPartResultReporterInterfaceEE18ValueHolderFactoryESt14default_deleteIS6_EEERNSt13tuple_elementIXT_ESt5tupleIJDpT0_EEE4typeERSE_
FNA:11,4,_ZSt3getILm0EJPN7testing8internal11ThreadLocalISt6vectorINS1_9TraceInfoESaIS4_EEE18ValueHolderFactoryESt14default_deleteIS8_EEERNSt13tuple_elementIXT_ESt5tupleIJDpT0_EEE4typeERSG_
FNA:11,82,_ZSt3getILm0EJPN7testing8internal14GTestFlagSaverESt14default_deleteIS2_EEERNSt13tuple_elementIXT_ESt5tupleIJDpT0_EEE4typeERSA_
FNA:11,4,_ZSt3getILm0EJPN7testing8internal16DeathTestFactoryESt14default_deleteIS2_EEERNSt13tuple_elementIXT_ESt5tupleIJDpT0_EEE4typeERSA_
FNA:11,0,_ZSt3getILm0EJPN7testing8internal17StreamingListener20AbstractSocketWriterESt14default_deleteIS3_EEERNSt13tuple_elementIXT_ESt5tupleIJDpT0_EEE4typeERSB_
FNA:11,6,_ZSt3getILm0EJPN7testing8internal24InternalRunDeathTestFlagESt14default_deleteIS2_EEERNSt13tuple_elementIXT_ESt5tupleIJDpT0_EEE4typeERSA_
FNA:11,53,_ZSt3getILm0EJPNSt7__cxx1112basic_stringIcSt11char_traitsIcESaIcEEESt14default_deleteIS5_EEERNSt13tuple_elementIXT_ESt5tupleIJDpT0_EEE4typeERSD_
FNA:11,554,_ZSt3getILm0EJPNSt7__cxx1118basic_stringstreamIcSt11char_traitsIcESaIcEEESt14default_deleteIS5_EEERNSt13tuple_elementIXT_ESt5tupleIJDpT0_EEE4typeERSD_
FNA:11,0,_ZSt3getILm0EJRKNSt7__cxx1112basic_stringIcSt11char_traitsIcESaIcEEEEERNSt13tuple_elementIXT_ESt5tupleIJDpT0_EEE4typeERSC_
FNA:11,0,_ZSt3getILm1EJPKNSt7__cxx1112basic_stringIcSt11char_traitsIcESaIcEEESt14default_deleteIS6_EEERNSt13tuple_elementIXT_ESt5tupleIJDpT0_EEE4typeERSE_
FNA:11,2,_ZSt3getILm1EJPN7testing8internal11ThreadLocalIPNS0_31TestPartResultReporterInterfaceEE18ValueHolderFactoryESt14default_deleteIS6_EEERNSt13tuple_elementIXT_ESt5tupleIJDpT0_EEE4typeERSE_
FNA:11,2,_ZSt3getILm1EJPN7testing8internal11ThreadLocalISt6vectorINS1_9TraceInfoESaIS4_EEE18ValueHolderFactoryESt14default_deleteIS8_EEERNSt13tuple_elementIXT_ESt5tupleIJDpT0_EEE4typeERSG_
FNA:11,41,_ZSt3getILm1EJPN7testing8internal14GTestFlagSaverESt14default_deleteIS2_EEERNSt13tuple_elementIXT_ESt5tupleIJDpT0_EEE4typeERSA_
FNA:11,2,_ZSt3getILm1EJPN7testing8internal16DeathTestFactoryESt14default_deleteIS2_EEERNSt13tuple_elementIXT_ESt5tupleIJDpT0_EEE4typeERSA_
FNA:11,0,_ZSt3getILm1EJPN7testing8internal17StreamingListener20AbstractSocketWriterESt14default_deleteIS3_EEERNSt13tuple_elementIXT_ESt5tupleIJDpT0_EEE4typeERSB_
FNA:11,0,_ZSt3getILm1EJPN7testing8internal24InternalRunDeathTestFlagESt14default_deleteIS2_EEERNSt13tuple_elementIXT_ESt5tupleIJDpT0_EEE4typeERSA_
FNA:11,0,_ZSt3getILm1EJPNSt7__cxx1112basic_stringIcSt11char_traitsIcESaIcEEESt14default_deleteIS5_EEERNSt13tuple_elementIXT_ESt5tupleIJDpT0_EEE4typeERSD_
FNA:11,277,_ZSt3getILm1EJPNSt7__cxx1118basic_stringstreamIcSt11char_traitsIcESaIcEEESt14default_deleteIS5_EEERNSt13tuple_elementIXT_ESt5tupleIJDpT0_EEE4typeERSD_
FNL:12,2451,2452
FNA:12,211,_ZSt3getILm0EJPKNSt7__cxx1112basic_stringIcSt11char_traitsIcESaIcEEESt14default_deleteIS6_EEERKNSt13tuple_elementIXT_ESt5tupleIJDpT0_EEE4typeERKSE_
FNA:12,0,_ZSt3getILm0EJPN7testing8internal11ThreadLocalIPNS0_31TestPartResultReporterInterfaceEE18ValueHolderFactoryESt14default_deleteIS6_EEERKNSt13tuple_elementIXT_ESt5tupleIJDpT0_EEE4typeERKSE_
FNA:12,0,_ZSt3getILm0EJPN7testing8internal11ThreadLocalISt6vectorINS1_9TraceInfoESaIS4_EEE18ValueHolderFactoryESt14default_deleteIS8_EEERKNSt13tuple_elementIXT_ESt5tupleIJDpT0_EEE4typeERKSG_
FNA:12,0,_ZSt3getILm0EJPN7testing8internal16DeathTestFactoryESt14default_deleteIS2_EEERKNSt13tuple_elementIXT_ESt5tupleIJDpT0_EEE4typeERKSA_
FNA:12,0,_ZSt3getILm0EJPN7testing8internal17StreamingListener20AbstractSocketWriterESt14default_deleteIS3_EEERKNSt13tuple_elementIXT_ESt5tupleIJDpT0_EEE4typeERKSB_
FNA:12,4,_ZSt3getILm0EJPN7testing8internal24InternalRunDeathTestFlagESt14default_deleteIS2_EEERKNSt13tuple_elementIXT_ESt5tupleIJDpT0_EEE4typeERKSA_
FNA:12,0,_ZSt3getILm0EJPNSt7__cxx1112basic_stringIcSt11char_traitsIcESaIcEEESt14default_deleteIS5_EEERKNSt13tuple_elementIXT_ESt5tupleIJDpT0_EEE4typeERKSD_
FNA:12,5667,_ZSt3getILm0EJPNSt7__cxx1118basic_stringstreamIcSt11char_traitsIcESaIcEEESt14default_deleteIS5_EEERKNSt13tuple_elementIXT_ESt5tupleIJDpT0_EEE4typeERKSD_
FNL:13,2457,2461
FNA:13,0,_ZSt3getILm0EJPKN7testing8internal11MatcherBaseINSt7__cxx1112basic_stringIcSt11char_traitsIcESaIcEEEEEPKNS1_9EqMatcherIS8_EEEEONSt13tuple_elementIXT_ESt5tupleIJDpT0_EEE4typeEOSK_
FNA:13,0,_ZSt3getILm0EJPKN7testing8internal11MatcherBaseIRKNSt7__cxx1112basic_stringIcSt11char_traitsIcESaIcEEEEEPKNS1_9EqMatcherIS8_EEEEONSt13tuple_elementIXT_ESt5tupleIJDpT0_EEE4typeEOSM_
FNA:13,0,_ZSt3getILm0EJPKN7testing8internal11MatcherBaseIRKSt17basic_string_viewIcSt11char_traitsIcEEEEPKNS1_9EqMatcherINSt7__cxx1112basic_stringIcS5_SaIcEEEEEEEONSt13tuple_elementIXT_ESt5tupleIJDpT0_EEE4typeEOSO_
FNA:13,0,_ZSt3getILm0EJPKN7testing8internal11MatcherBaseISt17basic_string_viewIcSt11char_traitsIcEEEEPKNS1_9EqMatcherINSt7__cxx1112basic_stringIcS5_SaIcEEEEEEEONSt13tuple_elementIXT_ESt5tupleIJDpT0_EEE4typeEOSM_
FNL:14,246,246
FNA:14,211,_ZNSt10_Head_baseILm0EPKNSt7__cxx1112basic_stringIcSt11char_traitsIcESaIcEEELb0EE7_M_headERKS8_
FNA:14,0,_ZNSt10_Head_baseILm0EPN7testing8internal11ThreadLocalIPNS0_31TestPartResultReporterInterfaceEE18ValueHolderFactoryELb0EE7_M_headERKS8_
FNA:14,0,_ZNSt10_Head_baseILm0EPN7testing8internal11ThreadLocalISt6vectorINS1_9TraceInfoESaIS4_EEE18ValueHolderFactoryELb0EE7_M_headERKSA_
FNA:14,0,_ZNSt10_Head_baseILm0EPN7testing8internal16DeathTestFactoryELb0EE7_M_headERKS4_
FNA:14,0,_ZNSt10_Head_baseILm0EPN7testing8internal17StreamingListener20AbstractSocketWriterELb0EE7_M_headERKS5_
FNA:14,4,_ZNSt10_Head_baseILm0EPN7testing8internal24InternalRunDeathTestFlagELb0EE7_M_headERKS4_
FNA:14,0,_ZNSt10_Head_baseILm0EPNSt7__cxx1112basic_stringIcSt11char_traitsIcESaIcEEELb0EE7_M_headERKS7_
FNA:14,5667,_ZNSt10_Head_baseILm0EPNSt7__cxx1118basic_stringstreamIcSt11char_traitsIcESaIcEEELb0EE7_M_headERKS7_
FNL:15,2640,2645
FNA:15,0,_ZSt10make_tupleIJPKN7testing8internal11MatcherBaseINSt7__cxx1112basic_stringIcSt11char_traitsIcESaIcEEEEEPKNS1_9EqMatcherIS8_EEEESt5tupleIJDpNSt25__strip_reference_wrapperINSt5decayIT_E4typeEE6__typeEEEDpOSJ_
FNA:15,0,_ZSt10make_tupleIJPKN7testing8internal11MatcherBaseIRKNSt7__cxx1112basic_stringIcSt11char_traitsIcESaIcEEEEEPKNS1_9EqMatcherIS8_EEEESt5tupleIJDpNSt25__strip_reference_wrapperINSt5decayIT_E4typeEE6__typeEEEDpOSL_
FNA:15,0,_ZSt10make_tupleIJPKN7testing8internal11MatcherBaseIRKSt17basic_string_viewIcSt11char_traitsIcEEEEPKNS1_9EqMatcherINSt7__cxx1112basic_stringIcS5_SaIcEEEEEEESt5tupleIJDpNSt25__strip_reference_wrapperINSt5decayIT_E4typeEE6__typeEEEDpOSN_
FNA:15,0,_ZSt10make_tupleIJPKN7testing8internal11MatcherBaseISt17basic_string_viewIcSt11char_traitsIcEEEEPKNS1_9EqMatcherINSt7__cxx1112basic_stringIcS5_SaIcEEEEEEESt5tupleIJDpNSt25__strip_reference_wrapperINSt5decayIT_E4typeEE6__typeEEEDpOSL_
FNL:16,2874,2880
FNA:16,0,_ZNSt4pairIKNSt7__cxx1112basic_stringIcSt11char_traitsIcESaIcEEEmEC2IJRS6_EJEEESt21piecewise_construct_tSt5tupleIJDpT_EESB_IJDpT0_EE
FNL:17,2886,2891
FNA:17,0,_ZNSt4pairIKNSt7__cxx1112basic_stringIcSt11char_traitsIcESaIcEEEmEC2IJRS6_EJLm0EEJEJEEERSt5tupleIJDpT_EERSA_IJDpT1_EESt12_Index_tupleIJXspT0_EEESJ_IJXspT2_EEE
FNL:18,294,294
FNA:18,0,_ZNSt11_Tuple_implILm0EJPKN7testing8internal11MatcherBaseINSt7__cxx1112basic_stringIcSt11char_traitsIcESaIcEEEEEPKNS1_9EqMatcherIS8_EEEE7_M_headERSG_
FNA:18,0,_ZNSt11_Tuple_implILm0EJPKN7testing8internal11MatcherBaseIRKNSt7__cxx1112basic_stringIcSt11char_traitsIcESaIcEEEEEPKNS1_9EqMatcherIS8_EEEE7_M_headERSI_
FNA:18,0,_ZNSt11_Tuple_implILm0EJPKN7testing8internal11MatcherBaseIRKSt17basic_string_viewIcSt11char_traitsIcEEEEPKNS1_9EqMatcherINSt7__cxx1112basic_stringIcS5_SaIcEEEEEEE7_M_headERSK_
FNA:18,0,_ZNSt11_Tuple_implILm0EJPKN7testing8internal11MatcherBaseISt17basic_string_viewIcSt11char_traitsIcEEEEPKNS1_9EqMatcherINSt7__cxx1112basic_stringIcS5_SaIcEEEEEEE7_M_headERSI_
FNA:18,340,_ZNSt11_Tuple_implILm0EJPKNSt7__cxx1112basic_stringIcSt11char_traitsIcESaIcEEESt14default_deleteIS6_EEE7_M_headERSA_
FNA:18,4,_ZNSt11_Tuple_implILm0EJPN7testing8internal11ThreadLocalIPNS0_31TestPartResultReporterInterfaceEE18ValueHolderFactoryESt14default_deleteIS6_EEE7_M_headERSA_
FNA:18,4,_ZNSt11_Tuple_implILm0EJPN7testing8internal11ThreadLocalISt6vectorINS1_9TraceInfoESaIS4_EEE18ValueHolderFactoryESt14default_deleteIS8_EEE7_M_headERSC_
FNA:18,82,_ZNSt11_Tuple_implILm0EJPN7testing8internal14GTestFlagSaverESt14default_deleteIS2_EEE7_M_headERS6_
FNA:18,4,_ZNSt11_Tuple_implILm0EJPN7testing8internal16DeathTestFactoryESt14default_deleteIS2_EEE7_M_headERS6_
FNA:18,0,_ZNSt11_Tuple_implILm0EJPN7testing8internal17StreamingListener20AbstractSocketWriterESt14default_deleteIS3_EEE7_M_headERS7_
FNA:18,6,_ZNSt11_Tuple_implILm0EJPN7testing8internal24InternalRunDeathTestFlagESt14default_deleteIS2_EEE7_M_headERS6_
FNA:18,53,_ZNSt11_Tuple_implILm0EJPNSt7__cxx1112basic_stringIcSt11char_traitsIcESaIcEEESt14default_deleteIS5_EEE7_M_headERS9_
FNA:18,554,_ZNSt11_Tuple_implILm0EJPNSt7__cxx1118basic_stringstreamIcSt11char_traitsIcESaIcEEESt14default_deleteIS5_EEE7_M_headERS9_
FNL:19,297,297
FNA:19,211,_ZNSt11_Tuple_implILm0EJPKNSt7__cxx1112basic_stringIcSt11char_traitsIcESaIcEEESt14default_deleteIS6_EEE7_M_headERKSA_
FNA:19,0,_ZNSt11_Tuple_implILm0EJPN7testing8internal11ThreadLocalIPNS0_31TestPartResultReporterInterfaceEE18ValueHolderFactoryESt14default_deleteIS6_EEE7_M_headERKSA_
FNA:19,0,_ZNSt11_Tuple_implILm0EJPN7testing8internal11ThreadLocalISt6vectorINS1_9TraceInfoESaIS4_EEE18ValueHolderFactoryESt14default_deleteIS8_EEE7_M_headERKSC_
FNA:19,0,_ZNSt11_Tuple_implILm0EJPN7testing8internal16DeathTestFactoryESt14default_deleteIS2_EEE7_M_headERKS6_
FNA:19,0,_ZNSt11_Tuple_implILm0EJPN7testing8internal17StreamingListener20AbstractSocketWriterESt14default_deleteIS3_EEE7_M_headERKS7_
FNA:19,4,_ZNSt11_Tuple_implILm0EJPN7testing8internal24InternalRunDeathTestFlagESt14default_deleteIS2_EEE7_M_headERKS6_
FNA:19,0,_ZNSt11_Tuple_implILm0EJPNSt7__cxx1112basic_stringIcSt11char_traitsIcESaIcEEESt14default_deleteIS5_EEE7_M_headERKS9_
FNA:19,5667,_ZNSt11_Tuple_implILm0EJPNSt7__cxx1118basic_stringstreamIcSt11char_traitsIcESaIcEEESt14default_deleteIS5_EEE7_M_headERKS9_
FNL:20,305,306
FNA:20,170,_ZNSt11_Tuple_implILm0EJPKNSt7__cxx1112basic_stringIcSt11char_traitsIcESaIcEEESt14default_deleteIS6_EEEC2Ev
FNA:20,2,_ZNSt11_Tuple_implILm0EJPN7testing8internal11ThreadLocalIPNS0_31TestPartResultReporterInterfaceEE18ValueHolderFactoryESt14default_deleteIS6_EEEC2Ev
FNA:20,2,_ZNSt11_Tuple_implILm0EJPN7testing8internal11ThreadLocalISt6vectorINS1_9TraceInfoESaIS4_EEE18ValueHolderFactoryESt14default_deleteIS8_EEEC2Ev
FNA:20,41,_ZNSt11_Tuple_implILm0EJPN7testing8internal14GTestFlagSaverESt14default_deleteIS2_EEEC2Ev
FNA:20,2,_ZNSt11_Tuple_implILm0EJPN7testing8internal16DeathTestFactoryESt14default_deleteIS2_EEEC2Ev
FNA:20,0,_ZNSt11_Tuple_implILm0EJPN7testing8internal17StreamingListener20AbstractSocketWriterESt14default_deleteIS3_EEEC2Ev
FNA:20,2,_ZNSt11_Tuple_implILm0EJPN7testing8internal24InternalRunDeathTestFlagESt14default_deleteIS2_EEEC2Ev
FNA:20,53,_ZNSt11_Tuple_implILm0EJPNSt7__cxx1112basic_stringIcSt11char_traitsIcESaIcEEESt14default_deleteIS5_EEEC2Ev
FNA:20,277,_ZNSt11_Tuple_implILm0EJPNSt7__cxx1118basic_stringstreamIcSt11char_traitsIcESaIcEEESt14default_deleteIS5_EEEC2Ev
FNL:21,316,319
FNA:21,0,_ZNSt11_Tuple_implILm0EJPKN7testing8internal11MatcherBaseINSt7__cxx1112basic_stringIcSt11char_traitsIcESaIcEEEEEPKNS1_9EqMatcherIS8_EEEEC2ISB_JSF_EvEEOT_DpOT0_
FNA:21,0,_ZNSt11_Tuple_implILm0EJPKN7testing8internal11MatcherBaseIRKNSt7__cxx1112basic_stringIcSt11char_traitsIcESaIcEEEEEPKNS1_9EqMatcherIS8_EEEEC2ISD_JSH_EvEEOT_DpOT0_
FNA:21,0,_ZNSt11_Tuple_implILm0EJPKN7testing8internal11MatcherBaseIRKSt17basic_string_viewIcSt11char_traitsIcEEEEPKNS1_9EqMatcherINSt7__cxx1112basic_stringIcS5_SaIcEEEEEEEC2ISB_JSJ_EvEEOT_DpOT0_
FNA:21,0,_ZNSt11_Tuple_implILm0EJPKN7testing8internal11MatcherBaseISt17basic_string_viewIcSt11char_traitsIcEEEEPKNS1_9EqMatcherINSt7__cxx1112basic_stringIcS5_SaIcEEEEEEEC2IS9_JSH_EvEEOT_DpOT0_
FNL:22,557,557
FNA:22,0,_ZNSt11_Tuple_implILm0EJRKNSt7__cxx1112basic_stringIcSt11char_traitsIcESaIcEEEEE7_M_headERS8_
FNA:22,0,_ZNSt11_Tuple_implILm1EJSt14default_deleteIKNSt7__cxx1112basic_stringIcSt11char_traitsIcESaIcEEEEEE7_M_headERS9_
FNA:22,2,_ZNSt11_Tuple_implILm1EJSt14default_deleteIN7testing8internal11ThreadLocalIPNS1_31TestPartResultReporterInterfaceEE18ValueHolderFactoryEEEE7_M_headERS9_
FNA:22,2,_ZNSt11_Tuple_implILm1EJSt14default_deleteIN7testing8internal11ThreadLocalISt6vectorINS2_9TraceInfoESaIS5_EEE18ValueHolderFactoryEEEE7_M_headERSB_
FNA:22,41,_ZNSt11_Tuple_implILm1EJSt14default_deleteIN7testing8internal14GTestFlagSaverEEEE7_M_headERS5_
FNA:22,2,_ZNSt11_Tuple_implILm1EJSt14default_deleteIN7testing8internal16DeathTestFactoryEEEE7_M_headERS5_
FNA:22,0,_ZNSt11_Tuple_implILm1EJSt14default_deleteIN7testing8internal17StreamingListener20AbstractSocketWriterEEEE7_M_headERS6_
FNA:22,0,_ZNSt11_Tuple_implILm1EJSt14default_deleteIN7testing8internal24InternalRunDeathTestFlagEEEE7_M_headERS5_
FNA:22,0,_ZNSt11_Tuple_implILm1EJSt14default_deleteINSt7__cxx1112basic_stringIcSt11char_traitsIcESaIcEEEEEE7_M_headERS8_
FNA:22,277,_ZNSt11_Tuple_implILm1EJSt14default_deleteINSt7__cxx1118basic_stringstreamIcSt11char_traitsIcESaIcEEEEEE7_M_headERS8_
FNL:23,563,564
FNA:23,170,_ZNSt11_Tuple_implILm1EJSt14default_deleteIKNSt7__cxx1112basic_stringIcSt11char_traitsIcESaIcEEEEEEC2Ev
FNA:23,2,_ZNSt11_Tuple_implILm1EJSt14default_deleteIN7testing8internal11ThreadLocalIPNS1_31TestPartResultReporterInterfaceEE18ValueHolderFactoryEEEEC2Ev
FNA:23,2,_ZNSt11_Tuple_implILm1EJSt14default_deleteIN7testing8internal11ThreadLocalISt6vectorINS2_9TraceInfoESaIS5_EEE18ValueHolderFactoryEEEEC2Ev
FNA:23,41,_ZNSt11_Tuple_implILm1EJSt14default_deleteIN7testing8internal14GTestFlagSaverEEEEC2Ev
FNA:23,2,_ZNSt11_Tuple_implILm1EJSt14default_deleteIN7testing8internal16DeathTestFactoryEEEEC2Ev
FNA:23,0,_ZNSt11_Tuple_implILm1EJSt14default_deleteIN7testing8internal17StreamingListener20AbstractSocketWriterEEEEC2Ev
FNA:23,2,_ZNSt11_Tuple_implILm1EJSt14default_deleteIN7testing8internal24InternalRunDeathTestFlagEEEEC2Ev
FNA:23,53,_ZNSt11_Tuple_implILm1EJSt14default_deleteINSt7__cxx1112basic_stringIcSt11char_traitsIcESaIcEEEEEEC2Ev
FNA:23,277,_ZNSt11_Tuple_implILm1EJSt14default_deleteINSt7__cxx1118basic_stringstreamIcSt11char_traitsIcESaIcEEEEEEC2Ev
FNL:24,567,569
FNA:24,0,_ZNSt11_Tuple_implILm0EJRKNSt7__cxx1112basic_stringIcSt11char_traitsIcESaIcEEEEEC2ES7_
FNL:25,573,575
FNA:25,0,_ZNSt11_Tuple_implILm1EJPKN7testing8internal9EqMatcherINSt7__cxx1112basic_stringIcSt11char_traitsIcESaIcEEEEEEEC2ISB_EEOT_
FNL:26,587,590
FNA:26,0,_ZNSt11_Tuple_implILm0EJRKNSt7__cxx1112basic_stringIcSt11char_traitsIcESaIcEEEEEC2EOS8_
FNL:27,90,91
FNA:27,170,_ZNSt10_Head_baseILm1ESt14default_deleteIKNSt7__cxx1112basic_stringIcSt11char_traitsIcESaIcEEEELb1EEC2Ev
FNA:27,2,_ZNSt10_Head_baseILm1ESt14default_deleteIN7testing8internal11ThreadLocalIPNS1_31TestPartResultReporterInterfaceEE18ValueHolderFactoryEELb1EEC2Ev
FNA:27,2,_ZNSt10_Head_baseILm1ESt14default_deleteIN7testing8internal11ThreadLocalISt6vectorINS2_9TraceInfoESaIS5_EEE18ValueHolderFactoryEELb1EEC2Ev
FNA:27,41,_ZNSt10_Head_baseILm1ESt14default_deleteIN7testing8internal14GTestFlagSaverEELb1EEC2Ev
FNA:27,2,_ZNSt10_Head_baseILm1ESt14default_deleteIN7testing8internal16DeathTestFactoryEELb1EEC2Ev
FNA:27,0,_ZNSt10_Head_baseILm1ESt14default_deleteIN7testing8internal17StreamingListener20AbstractSocketWriterEELb1EEC2Ev
FNA:27,2,_ZNSt10_Head_baseILm1ESt14default_deleteIN7testing8internal24InternalRunDeathTestFlagEELb1EEC2Ev
FNA:27,53,_ZNSt10_Head_baseILm1ESt14default_deleteINSt7__cxx1112basic_stringIcSt11char_traitsIcESaIcEEEELb1EEC2Ev
FNA:27,277,_ZNSt10_Head_baseILm1ESt14default_deleteINSt7__cxx1118basic_stringstreamIcSt11char_traitsIcESaIcEEEELb1EEC2Ev
FNF:28
FNH:15
DA:90,549
DA:91,549
DA:134,324
DA:199,549
DA:200,549
DA:202,0
DA:203,0
DA:209,0
DA:210,0
DA:243,1047
DA:246,5882
DA:294,1047
DA:297,5882
DA:305,549
DA:306,549
DA:316,0
DA:318,0
DA:319,0
DA:557,324
DA:563,549
DA:564,549
DA:567,0
DA:568,0
DA:569,0
DA:573,0
DA:574,0
DA:575,0
DA:587,0
DA:589,0
DA:590,0
DA:1474,0
DA:1476,0
DA:1505,0
DA:2091,549
DA:2093,549
DA:2119,0
DA:2121,0
DA:2122,0
DA:2429,1371
DA:2430,1371
DA:2434,5882
DA:2435,5882
DA:2445,1371
DA:2446,1371
DA:2451,5882
DA:2452,5882
DA:2457,0
DA:2460,0
DA:2640,0
DA:2644,0
DA:2874,0
DA:2879,0
DA:2880,0
DA:2886,0
DA:2889,0
DA:2890,0
DA:2891,0
LF:57
LH:24
end_of_record
TN:
SF:/usr/include/c++/14/typeinfo
FNL:0,102,103
FNA:0,0,_ZNKSt9type_info4nameEv
FNL:1,192,209
FNA:1,0,_ZNKSt9type_infoeqERKS_
FNF:2
FNH:0
DA:102,0
DA:103,0
DA:192,0
DA:194,0
DA:195,0
DA:197,0
DA:198,0
DA:205,0
LF:8
LH:0
end_of_record
TN:
SF:/usr/include/x86_64-linux-gnu/c++/14/bits/c++config.h
FNF:0
FNH:0
DA:550,8410
DA:609,0
LF:2
LH:1
end_of_record
