TN:
SF:/home/kali/IE0417_optativa/laboratorio-testing/src/calculator.cpp
FNL:0,12,14
FNA:0,1,_Z8multiplyii
FNL:1,16,22
FNA:1,5,_Z6divideii
FNL:2,24,26
FNA:2,3,_Z7is_eveni
FNL:3,4,6
FNA:3,15,_Z3addii
FNL:4,8,10
FNA:4,1,_Z8subtractii
FNF:5
FNH:5
DA:4,15
DA:5,15
DA:8,1
DA:9,1
DA:12,1
DA:13,1
DA:16,5
DA:17,5
DA:18,1
DA:21,4
DA:24,3
DA:25,3
LF:12
LH:12
end_of_record
TN:
SF:/home/kali/IE0417_optativa/laboratorio-testing/src/grade_utils.cpp
FNL:0,18,20
FNA:0,2,_Z10is_passingi
FNL:1,22,44
FNA:1,17,_Z12letter_gradei
FNL:2,4,16
FNA:2,2,_Z7averageRKSt6vectorIiSaIiEE
FNF:3
FNH:3
DA:4,2
DA:5,2
DA:6,1
DA:9,1
DA:11,4
DA:12,3
DA:15,1
DA:18,2
DA:19,2
DA:22,17
DA:23,17
DA:24,2
DA:27,15
DA:28,3
DA:31,12
DA:32,3
DA:35,9
DA:36,3
DA:39,6
DA:40,3
DA:43,3
LF:21
LH:21
end_of_record
TN:
SF:/home/kali/IE0417_optativa/laboratorio-testing/src/string_utils.cpp
FNL:0,15,28
FNA:0,5,_Z13is_palindromeRKNSt7__cxx1112basic_stringIcSt11char_traitsIcESaIcEEE
FNL:1,30,42
FNA:1,2,_Z12count_vowelsRKNSt7__cxx1112basic_stringIcSt11char_traitsIcESaIcEEE
FNL:2,5,13
FNA:2,3,_Z12to_uppercaseRKNSt7__cxx1112basic_stringIcSt11char_traitsIcESaIcEEE
FNF:3
FNH:3
DA:5,3
DA:6,3
DA:8,14
DA:9,11
DA:12,3
DA:15,5
DA:16,5
DA:18,37
DA:19,32
DA:20,29
DA:24,5
DA:25,5
DA:27,10
DA:28,5
DA:30,2
DA:31,2
DA:33,15
DA:34,13
DA:36,13
DA:37,5
DA:41,2
LF:21
LH:21
end_of_record
